InfoShard:2019/07/15 20:33:01 server.go:302: ShardMaster: 0 |Create a new shardmaster!
InfoShard:2019/07/15 20:33:01 server.go:302: ShardMaster: 1 |Create a new shardmaster!
InfoShard:2019/07/15 20:33:01 server.go:302: ShardMaster: 2 |Create a new shardmaster!
InfoShard:2019/07/15 20:33:01 server.go:197: gid:100 Me: 0 -> Create a new server!
InfoShard:2019/07/15 20:34:52 server.go:302: ShardMaster: 0 |Create a new shardmaster!
InfoShard:2019/07/15 20:34:52 server.go:302: ShardMaster: 1 |Create a new shardmaster!
InfoShard:2019/07/15 20:34:52 server.go:302: ShardMaster: 2 |Create a new shardmaster!
InfoShard:2019/07/15 20:34:52 server.go:198: gid:100 Me: 0 -> Create a new server!
InfoShard:2019/07/15 20:34:52 server.go:198: gid:100 Me: 1 -> Create a new server!
InfoShard:2019/07/15 20:34:52 server.go:198: gid:100 Me: 2 -> Create a new server!
InfoShard:2019/07/15 20:34:52 server.go:198: gid:101 Me: 0 -> Create a new server!
InfoShard:2019/07/15 20:34:52 server.go:198: gid:101 Me: 1 -> Create a new server!
InfoShard:2019/07/15 20:34:52 server.go:198: gid:101 Me: 2 -> Create a new server!
InfoShard:2019/07/15 20:34:52 server.go:198: gid:102 Me: 0 -> Create a new server!
InfoShard:2019/07/15 20:34:52 server.go:198: gid:102 Me: 1 -> Create a new server!
InfoShard:2019/07/15 20:34:52 server.go:198: gid:102 Me: 2 -> Create a new server!
InfoShard:2019/07/15 20:47:21 server.go:302: ShardMaster: 0 |Create a new shardmaster!
InfoShard:2019/07/15 20:47:21 server.go:302: ShardMaster: 1 |Create a new shardmaster!
InfoShard:2019/07/15 20:47:21 server.go:302: ShardMaster: 2 |Create a new shardmaster!
InfoShard:2019/07/15 20:47:21 server.go:198: gid:100 Me: 0 -> Create a new server!
InfoShard:2019/07/15 20:47:21 server.go:198: gid:100 Me: 1 -> Create a new server!
InfoShard:2019/07/15 20:47:21 server.go:198: gid:100 Me: 2 -> Create a new server!
InfoShard:2019/07/15 20:47:21 server.go:198: gid:101 Me: 0 -> Create a new server!
InfoShard:2019/07/15 20:47:21 server.go:198: gid:101 Me: 1 -> Create a new server!
InfoShard:2019/07/15 20:47:21 server.go:198: gid:101 Me: 2 -> Create a new server!
InfoShard:2019/07/15 20:47:21 server.go:198: gid:102 Me: 0 -> Create a new server!
InfoShard:2019/07/15 20:47:21 server.go:198: gid:102 Me: 1 -> Create a new server!
InfoShard:2019/07/15 20:47:21 server.go:198: gid:102 Me: 2 -> Create a new server!
InfoShard:2019/07/15 20:47:21 server.go:388: GID:100 me: 0 | Update config to 1
InfoShard:2019/07/15 20:47:21 server.go:388: GID:100 me: 1 | Update config to 1
InfoShard:2019/07/15 20:47:21 server.go:388: GID:102 me: 0 | Update config to 1
InfoShard:2019/07/15 20:47:21 server.go:388: GID:101 me: 0 | Update config to 1
InfoShard:2019/07/15 20:47:21 server.go:388: GID:101 me: 2 | Update config to 1
InfoShard:2019/07/15 20:47:21 server.go:388: GID:102 me: 2 | Update config to 1
InfoShard:2019/07/15 20:47:21 server.go:388: GID:101 me: 1 | Update config to 1
InfoShard:2019/07/15 20:47:21 server.go:388: GID:100 me: 2 | Update config to 1
InfoShard:2019/07/15 20:47:21 server.go:388: GID:102 me: 1 | Update config to 1
InfoShard:2019/07/15 20:47:22 server.go:388: GID:101 me: 0 | Update config to 2
InfoShard:2019/07/15 20:47:22 server.go:388: GID:100 me: 0 | Update config to 2
InfoShard:2019/07/15 20:47:22 server.go:388: GID:100 me: 1 | Update config to 2
InfoShard:2019/07/15 20:47:22 server.go:388: GID:102 me: 2 | Update config to 2
InfoShard:2019/07/15 20:47:22 server.go:388: GID:102 me: 0 | Update config to 2
InfoShard:2019/07/15 20:47:22 server.go:388: GID:102 me: 1 | Update config to 2
InfoShard:2019/07/15 20:47:22 server.go:388: GID:101 me: 2 | Update config to 2
InfoShard:2019/07/15 20:47:22 server.go:388: GID:101 me: 1 | Update config to 2
InfoShard:2019/07/15 20:47:22 server.go:388: GID:100 me: 2 | Update config to 2
InfoShard:2019/07/15 20:47:22 server.go:354: GID:%2d me:%2d | Receive %s from {%d->%d}
101 1put43764211516098183 1
InfoShard:2019/07/15 20:47:22 server.go:354: GID:%2d me:%2d | Receive %s from {%d->%d}
101 1put43764211516098183 2
InfoShard:2019/07/15 20:48:04 server.go:302: ShardMaster: 0 |Create a new shardmaster!
InfoShard:2019/07/15 20:48:04 server.go:302: ShardMaster: 1 |Create a new shardmaster!
InfoShard:2019/07/15 20:48:04 server.go:302: ShardMaster: 2 |Create a new shardmaster!
InfoShard:2019/07/15 20:48:04 server.go:198: gid:100 Me: 0 -> Create a new server!
InfoShard:2019/07/15 20:48:04 server.go:198: gid:100 Me: 1 -> Create a new server!
InfoShard:2019/07/15 20:48:04 server.go:198: gid:100 Me: 2 -> Create a new server!
InfoShard:2019/07/15 20:48:04 server.go:198: gid:101 Me: 0 -> Create a new server!
InfoShard:2019/07/15 20:48:04 server.go:198: gid:101 Me: 1 -> Create a new server!
InfoShard:2019/07/15 20:48:04 server.go:198: gid:101 Me: 2 -> Create a new server!
InfoShard:2019/07/15 20:48:04 server.go:198: gid:102 Me: 0 -> Create a new server!
InfoShard:2019/07/15 20:48:04 server.go:198: gid:102 Me: 1 -> Create a new server!
InfoShard:2019/07/15 20:48:04 server.go:198: gid:102 Me: 2 -> Create a new server!
InfoShard:2019/07/15 20:48:05 server.go:388: GID:101 me: 1 | Update config to 1
InfoShard:2019/07/15 20:48:05 server.go:388: GID:100 me: 1 | Update config to 1
InfoShard:2019/07/15 20:48:05 server.go:388: GID:100 me: 2 | Update config to 1
InfoShard:2019/07/15 20:48:05 server.go:388: GID:102 me: 2 | Update config to 1
InfoShard:2019/07/15 20:48:05 server.go:388: GID:101 me: 2 | Update config to 1
InfoShard:2019/07/15 20:48:05 server.go:388: GID:101 me: 0 | Update config to 2
InfoShard:2019/07/15 20:48:05 server.go:388: GID:102 me: 0 | Update config to 2
InfoShard:2019/07/15 20:48:05 server.go:388: GID:100 me: 2 | Update config to 2
InfoShard:2019/07/15 20:48:05 server.go:388: GID:100 me: 0 | Update config to 2
InfoShard:2019/07/15 20:48:05 server.go:388: GID:100 me: 1 | Update config to 2
InfoShard:2019/07/15 20:48:05 server.go:388: GID:102 me: 1 | Update config to 2
InfoShard:2019/07/15 20:48:05 server.go:388: GID:101 me: 1 | Update config to 2
InfoShard:2019/07/15 20:48:05 server.go:388: GID:101 me: 2 | Update config to 2
InfoShard:2019/07/15 20:48:05 server.go:388: GID:102 me: 2 | Update config to 2
InfoShard:2019/07/15 20:48:05 server.go:354: GID:101 me: 2 | Receive put from {2108266746228181805->1}
InfoShard:2019/07/15 20:48:05 server.go:354: GID:101 me: 2 | Receive put from {2108266746228181805->2}
InfoShard:2019/07/15 21:06:42 server.go:302: ShardMaster: 0 |Create a new shardmaster!
InfoShard:2019/07/15 21:06:42 server.go:302: ShardMaster: 1 |Create a new shardmaster!
InfoShard:2019/07/15 21:06:42 server.go:302: ShardMaster: 2 |Create a new shardmaster!
InfoShard:2019/07/15 21:06:42 server.go:198: gid:100 Me: 0 -> Create a new server!
InfoShard:2019/07/15 21:06:42 server.go:198: gid:100 Me: 1 -> Create a new server!
InfoShard:2019/07/15 21:06:42 server.go:198: gid:100 Me: 2 -> Create a new server!
InfoShard:2019/07/15 21:06:42 server.go:198: gid:101 Me: 0 -> Create a new server!
InfoShard:2019/07/15 21:06:42 server.go:198: gid:101 Me: 1 -> Create a new server!
InfoShard:2019/07/15 21:06:42 server.go:198: gid:101 Me: 2 -> Create a new server!
InfoShard:2019/07/15 21:06:42 server.go:198: gid:102 Me: 0 -> Create a new server!
InfoShard:2019/07/15 21:06:42 server.go:198: gid:102 Me: 1 -> Create a new server!
InfoShard:2019/07/15 21:06:42 server.go:198: gid:102 Me: 2 -> Create a new server!
InfoShard:2019/07/15 21:06:42 server.go:388: GID:101 me: 0 | Update config to 1
InfoShard:2019/07/15 21:06:42 server.go:388: GID:102 me: 0 | Update config to 1
InfoShard:2019/07/15 21:06:42 server.go:388: GID:102 me: 1 | Update config to 1
InfoShard:2019/07/15 21:06:42 server.go:388: GID:101 me: 2 | Update config to 1
InfoShard:2019/07/15 21:06:42 server.go:388: GID:101 me: 1 | Update config to 1
InfoShard:2019/07/15 21:06:42 server.go:388: GID:100 me: 1 | Update config to 2
InfoShard:2019/07/15 21:06:42 server.go:388: GID:100 me: 0 | Update config to 2
InfoShard:2019/07/15 21:06:42 server.go:388: GID:100 me: 2 | Update config to 2
InfoShard:2019/07/15 21:06:42 server.go:388: GID:102 me: 1 | Update config to 2
InfoShard:2019/07/15 21:06:42 server.go:388: GID:102 me: 2 | Update config to 2
InfoShard:2019/07/15 21:06:42 server.go:388: GID:101 me: 0 | Update config to 2
InfoShard:2019/07/15 21:06:42 server.go:388: GID:101 me: 2 | Update config to 2
InfoShard:2019/07/15 21:06:42 server.go:388: GID:102 me: 0 | Update config to 2
InfoShard:2019/07/15 21:06:42 server.go:388: GID:101 me: 1 | Update config to 2
InfoShard:2019/07/15 21:06:42 server.go:354: GID:101 me: 2 | Receive put from {1321340402703508806->1}
InfoShard:2019/07/15 21:06:42 server.go:354: GID:101 me: 2 | Receive put from {1321340402703508806->2}
InfoShard:2019/07/15 21:10:41 server.go:302: ShardMaster: 0 |Create a new shardmaster!
InfoShard:2019/07/15 21:10:41 server.go:302: ShardMaster: 1 |Create a new shardmaster!
InfoShard:2019/07/15 21:10:41 server.go:302: ShardMaster: 2 |Create a new shardmaster!
InfoShard:2019/07/15 21:10:41 server.go:198: gid:100 Me: 0 -> Create a new server!
InfoShard:2019/07/15 21:10:41 server.go:198: gid:100 Me: 1 -> Create a new server!
InfoShard:2019/07/15 21:10:41 server.go:198: gid:100 Me: 2 -> Create a new server!
InfoShard:2019/07/15 21:10:41 server.go:198: gid:101 Me: 0 -> Create a new server!
InfoShard:2019/07/15 21:10:41 server.go:198: gid:101 Me: 1 -> Create a new server!
InfoShard:2019/07/15 21:10:41 server.go:198: gid:101 Me: 2 -> Create a new server!
InfoShard:2019/07/15 21:10:41 server.go:198: gid:102 Me: 0 -> Create a new server!
InfoShard:2019/07/15 21:10:41 server.go:198: gid:102 Me: 1 -> Create a new server!
InfoShard:2019/07/15 21:10:41 server.go:198: gid:102 Me: 2 -> Create a new server!
InfoShard:2019/07/15 21:10:41 server.go:389: GID:100 me: 0 | Update config to 1
InfoShard:2019/07/15 21:10:41 server.go:389: GID:100 me: 2 | Update config to 1
InfoShard:2019/07/15 21:10:41 server.go:389: GID:101 me: 2 | Update config to 1
InfoShard:2019/07/15 21:10:41 server.go:389: GID:100 me: 1 | Update config to 1
InfoShard:2019/07/15 21:10:41 server.go:389: GID:102 me: 0 | Update config to 1
InfoShard:2019/07/15 21:10:41 server.go:389: GID:101 me: 0 | Update config to 1
InfoShard:2019/07/15 21:10:41 server.go:389: GID:101 me: 1 | Update config to 1
InfoShard:2019/07/15 21:10:41 server.go:389: GID:102 me: 1 | Update config to 1
InfoShard:2019/07/15 21:10:41 server.go:389: GID:102 me: 2 | Update config to 1
InfoShard:2019/07/15 21:10:42 server.go:389: GID:101 me: 2 | Update config to 2
InfoShard:2019/07/15 21:10:42 server.go:389: GID:101 me: 0 | Update config to 2
InfoShard:2019/07/15 21:10:42 server.go:389: GID:100 me: 0 | Update config to 2
InfoShard:2019/07/15 21:10:42 server.go:389: GID:100 me: 1 | Update config to 2
InfoShard:2019/07/15 21:10:42 server.go:389: GID:102 me: 0 | Update config to 2
InfoShard:2019/07/15 21:10:42 server.go:389: GID:101 me: 1 | Update config to 2
InfoShard:2019/07/15 21:10:42 server.go:389: GID:102 me: 2 | Update config to 2
InfoShard:2019/07/15 21:10:42 server.go:389: GID:102 me: 1 | Update config to 2
InfoShard:2019/07/15 21:10:42 server.go:389: GID:100 me: 2 | Update config to 2
InfoShard:2019/07/15 21:10:42 server.go:354: GID:101 me: 0 | Receive put from {2176654695728858966->1}
InfoShard:2019/07/15 21:10:42 server.go:375: GID:101 me: 0 | command{{%!t(string=put) %!t(string=0) %!t(string=OjHgOGs-TUrp_VocKhHz) %!t(int=8) %!t(int64=2176654695728858966) %!t(int=1)}} Done!
InfoShard:2019/07/15 21:10:42 server.go:354: GID:101 me: 0 | Receive put from {2176654695728858966->2}
InfoShard:2019/07/15 21:11:19 server.go:302: ShardMaster: 0 |Create a new shardmaster!
InfoShard:2019/07/15 21:11:19 server.go:302: ShardMaster: 1 |Create a new shardmaster!
InfoShard:2019/07/15 21:11:19 server.go:302: ShardMaster: 2 |Create a new shardmaster!
InfoShard:2019/07/15 21:11:19 server.go:198: gid:100 Me: 0 -> Create a new server!
InfoShard:2019/07/15 21:11:19 server.go:198: gid:100 Me: 1 -> Create a new server!
InfoShard:2019/07/15 21:11:19 server.go:198: gid:100 Me: 2 -> Create a new server!
InfoShard:2019/07/15 21:11:19 server.go:198: gid:101 Me: 0 -> Create a new server!
InfoShard:2019/07/15 21:11:19 server.go:198: gid:101 Me: 1 -> Create a new server!
InfoShard:2019/07/15 21:11:19 server.go:198: gid:101 Me: 2 -> Create a new server!
InfoShard:2019/07/15 21:11:19 server.go:198: gid:102 Me: 0 -> Create a new server!
InfoShard:2019/07/15 21:11:19 server.go:198: gid:102 Me: 1 -> Create a new server!
InfoShard:2019/07/15 21:11:19 server.go:198: gid:102 Me: 2 -> Create a new server!
InfoShard:2019/07/15 21:11:20 server.go:389: GID:100 me: 1 | Update config to 1
InfoShard:2019/07/15 21:11:20 server.go:389: GID:102 me: 1 | Update config to 1
InfoShard:2019/07/15 21:11:20 server.go:389: GID:102 me: 2 | Update config to 1
InfoShard:2019/07/15 21:11:20 server.go:389: GID:101 me: 1 | Update config to 1
InfoShard:2019/07/15 21:11:20 server.go:389: GID:101 me: 2 | Update config to 1
InfoShard:2019/07/15 21:11:20 server.go:389: GID:102 me: 0 | Update config to 2
InfoShard:2019/07/15 21:11:20 server.go:389: GID:100 me: 0 | Update config to 2
InfoShard:2019/07/15 21:11:20 server.go:389: GID:102 me: 2 | Update config to 2
InfoShard:2019/07/15 21:11:20 server.go:389: GID:100 me: 2 | Update config to 2
InfoShard:2019/07/15 21:11:20 server.go:389: GID:100 me: 1 | Update config to 2
InfoShard:2019/07/15 21:11:20 server.go:389: GID:102 me: 1 | Update config to 2
InfoShard:2019/07/15 21:11:20 server.go:389: GID:101 me: 2 | Update config to 2
InfoShard:2019/07/15 21:11:20 server.go:389: GID:101 me: 0 | Update config to 2
InfoShard:2019/07/15 21:11:20 server.go:389: GID:101 me: 1 | Update config to 2
InfoShard:2019/07/15 21:11:20 server.go:354: GID:101 me: 1 | Receive put from {2195244091215754416->1}
InfoShard:2019/07/15 21:11:20 server.go:375: GID:101 me: 1 | command{shardkv.Op} Done!
InfoShard:2019/07/15 21:11:20 server.go:354: GID:101 me: 1 | Receive put from {2195244091215754416->2}
InfoShard:2019/07/15 21:15:21 server.go:302: ShardMaster: 0 |Create a new shardmaster!
InfoShard:2019/07/15 21:15:21 server.go:302: ShardMaster: 1 |Create a new shardmaster!
InfoShard:2019/07/15 21:15:21 server.go:302: ShardMaster: 2 |Create a new shardmaster!
InfoShard:2019/07/15 21:15:21 server.go:198: gid:100 Me: 0 -> Create a new server!
InfoShard:2019/07/15 21:15:21 server.go:198: gid:100 Me: 1 -> Create a new server!
InfoShard:2019/07/15 21:15:21 server.go:198: gid:100 Me: 2 -> Create a new server!
InfoShard:2019/07/15 21:15:21 server.go:198: gid:101 Me: 0 -> Create a new server!
InfoShard:2019/07/15 21:15:21 server.go:198: gid:101 Me: 1 -> Create a new server!
InfoShard:2019/07/15 21:15:21 server.go:198: gid:101 Me: 2 -> Create a new server!
InfoShard:2019/07/15 21:15:21 server.go:198: gid:102 Me: 0 -> Create a new server!
InfoShard:2019/07/15 21:15:21 server.go:198: gid:102 Me: 1 -> Create a new server!
InfoShard:2019/07/15 21:15:21 server.go:198: gid:102 Me: 2 -> Create a new server!
InfoShard:2019/07/15 21:15:21 server.go:389: GID:101 me: 1 | Update config to 1
InfoShard:2019/07/15 21:15:21 server.go:389: GID:102 me: 0 | Update config to 1
InfoShard:2019/07/15 21:15:21 server.go:389: GID:100 me: 2 | Update config to 1
InfoShard:2019/07/15 21:15:21 server.go:397: GID:100 me: 2 | Update db and cl
InfoShard:2019/07/15 21:15:21 server.go:397: GID:100 me: 2 | Update db and cl
InfoShard:2019/07/15 21:15:21 server.go:397: GID:100 me: 2 | Update db and cl
InfoShard:2019/07/15 21:15:21 server.go:397: GID:100 me: 2 | Update db and cl
InfoShard:2019/07/15 21:15:21 server.go:397: GID:100 me: 2 | Update db and cl
InfoShard:2019/07/15 21:15:21 server.go:397: GID:100 me: 2 | Update db and cl
InfoShard:2019/07/15 21:15:21 server.go:397: GID:100 me: 2 | Update db and cl
InfoShard:2019/07/15 21:15:21 server.go:397: GID:100 me: 2 | Update db and cl
InfoShard:2019/07/15 21:15:21 server.go:397: GID:100 me: 2 | Update db and cl
InfoShard:2019/07/15 21:15:21 server.go:397: GID:100 me: 2 | Update db and cl
InfoShard:2019/07/15 21:15:21 server.go:389: GID:102 me: 0 | Update config to 2
InfoShard:2019/07/15 21:15:21 server.go:389: GID:102 me: 2 | Update config to 2
InfoShard:2019/07/15 21:15:21 server.go:389: GID:101 me: 2 | Update config to 2
InfoShard:2019/07/15 21:15:21 server.go:397: GID:101 me: 2 | Update db and cl
InfoShard:2019/07/15 21:15:21 server.go:397: GID:101 me: 2 | Update db and cl
InfoShard:2019/07/15 21:15:21 server.go:397: GID:101 me: 2 | Update db and cl
InfoShard:2019/07/15 21:15:21 server.go:397: GID:101 me: 2 | Update db and cl
InfoShard:2019/07/15 21:15:21 server.go:397: GID:101 me: 2 | Update db and cl
InfoShard:2019/07/15 21:15:21 server.go:389: GID:100 me: 1 | Update config to 2
InfoShard:2019/07/15 21:15:21 server.go:397: GID:100 me: 1 | Update db and cl
InfoShard:2019/07/15 21:15:21 server.go:397: GID:100 me: 1 | Update db and cl
InfoShard:2019/07/15 21:15:21 server.go:397: GID:100 me: 1 | Update db and cl
InfoShard:2019/07/15 21:15:21 server.go:397: GID:100 me: 1 | Update db and cl
InfoShard:2019/07/15 21:15:21 server.go:389: GID:100 me: 2 | Update config to 2
InfoShard:2019/07/15 21:15:21 server.go:397: GID:100 me: 1 | Update db and cl
InfoShard:2019/07/15 21:15:21 server.go:389: GID:101 me: 1 | Update config to 2
InfoShard:2019/07/15 21:15:21 server.go:397: GID:101 me: 1 | Update db and cl
InfoShard:2019/07/15 21:15:21 server.go:397: GID:101 me: 1 | Update db and cl
InfoShard:2019/07/15 21:15:21 server.go:397: GID:101 me: 1 | Update db and cl
InfoShard:2019/07/15 21:15:21 server.go:397: GID:101 me: 1 | Update db and cl
InfoShard:2019/07/15 21:15:21 server.go:397: GID:101 me: 1 | Update db and cl
InfoShard:2019/07/15 21:15:21 server.go:389: GID:102 me: 1 | Update config to 2
InfoShard:2019/07/15 21:15:21 server.go:389: GID:101 me: 0 | Update config to 2
InfoShard:2019/07/15 21:15:21 server.go:397: GID:101 me: 0 | Update db and cl
InfoShard:2019/07/15 21:15:21 server.go:397: GID:101 me: 0 | Update db and cl
InfoShard:2019/07/15 21:15:21 server.go:397: GID:101 me: 0 | Update db and cl
InfoShard:2019/07/15 21:15:21 server.go:397: GID:101 me: 0 | Update db and cl
InfoShard:2019/07/15 21:15:21 server.go:397: GID:101 me: 0 | Update db and cl
InfoShard:2019/07/15 21:15:21 server.go:389: GID:100 me: 0 | Update config to 2
InfoShard:2019/07/15 21:15:21 server.go:397: GID:100 me: 0 | Update db and cl
InfoShard:2019/07/15 21:15:21 server.go:397: GID:100 me: 0 | Update db and cl
InfoShard:2019/07/15 21:15:21 server.go:397: GID:100 me: 0 | Update db and cl
InfoShard:2019/07/15 21:15:21 server.go:397: GID:100 me: 0 | Update db and cl
InfoShard:2019/07/15 21:15:21 server.go:397: GID:100 me: 0 | Update db and cl
InfoShard:2019/07/15 21:15:21 server.go:354: GID:101 me: 2 | Receive put from {2783462647552314448->1}
InfoShard:2019/07/15 21:15:21 server.go:375: GID:101 me: 2 | command{shardkv.Op} Done!
InfoShard:2019/07/15 21:15:21 server.go:354: GID:101 me: 2 | Receive put from {2783462647552314448->2}
InfoShard:2019/07/15 21:18:14 server.go:302: ShardMaster: 0 |Create a new shardmaster!
InfoShard:2019/07/15 21:18:14 server.go:302: ShardMaster: 1 |Create a new shardmaster!
InfoShard:2019/07/15 21:18:14 server.go:302: ShardMaster: 2 |Create a new shardmaster!
InfoShard:2019/07/15 21:18:14 server.go:198: gid:100 Me: 0 -> Create a new server!
InfoShard:2019/07/15 21:18:14 server.go:198: gid:100 Me: 1 -> Create a new server!
InfoShard:2019/07/15 21:18:14 server.go:198: gid:100 Me: 2 -> Create a new server!
InfoShard:2019/07/15 21:18:14 server.go:198: gid:101 Me: 0 -> Create a new server!
InfoShard:2019/07/15 21:18:14 server.go:198: gid:101 Me: 1 -> Create a new server!
InfoShard:2019/07/15 21:18:14 server.go:198: gid:101 Me: 2 -> Create a new server!
InfoShard:2019/07/15 21:18:14 server.go:198: gid:102 Me: 0 -> Create a new server!
InfoShard:2019/07/15 21:18:14 server.go:198: gid:102 Me: 1 -> Create a new server!
InfoShard:2019/07/15 21:18:14 server.go:198: gid:102 Me: 2 -> Create a new server!
InfoShard:2019/07/15 21:18:14 server.go:390: GID:102 me: 0 | Update config to 1
InfoShard:2019/07/15 21:18:14 server.go:390: GID:102 me: 2 | Update config to 1
InfoShard:2019/07/15 21:18:14 server.go:390: GID:100 me: 2 | Update config to 1
InfoShard:2019/07/15 21:18:14 server.go:390: GID:101 me: 2 | Update config to 1
InfoShard:2019/07/15 21:18:14 server.go:390: GID:100 me: 1 | Update config to 1
InfoShard:2019/07/15 21:18:14 server.go:390: GID:102 me: 1 | Update config to 1
InfoShard:2019/07/15 21:18:14 server.go:390: GID:101 me: 1 | Update config to 1
InfoShard:2019/07/15 21:18:14 server.go:390: GID:100 me: 0 | Update config to 2
InfoShard:2019/07/15 21:18:14 server.go:390: GID:102 me: 2 | Update config to 2
InfoShard:2019/07/15 21:18:14 server.go:390: GID:100 me: 1 | Update config to 2
InfoShard:2019/07/15 21:18:14 server.go:390: GID:102 me: 0 | Update config to 2
InfoShard:2019/07/15 21:18:14 server.go:390: GID:101 me: 1 | Update config to 2
InfoShard:2019/07/15 21:18:14 server.go:390: GID:101 me: 0 | Update config to 2
InfoShard:2019/07/15 21:18:14 server.go:390: GID:101 me: 2 | Update config to 2
InfoShard:2019/07/15 21:18:14 server.go:390: GID:100 me: 2 | Update config to 2
InfoShard:2019/07/15 21:18:14 server.go:390: GID:102 me: 1 | Update config to 2
InfoShard:2019/07/15 21:18:15 server.go:354: GID:101 me: 2 | Receive put from {1392478533054948928->1}
InfoShard:2019/07/15 21:18:15 server.go:374: GID:101 me: 2 | command{shardkv.Op} Done!
InfoShard:2019/07/15 21:18:25 server.go:302: ShardMaster: 0 |Create a new shardmaster!
InfoShard:2019/07/15 21:18:25 server.go:302: ShardMaster: 1 |Create a new shardmaster!
InfoShard:2019/07/15 21:18:25 server.go:302: ShardMaster: 2 |Create a new shardmaster!
InfoShard:2019/07/15 21:18:25 server.go:198: gid:100 Me: 0 -> Create a new server!
InfoShard:2019/07/15 21:18:25 server.go:198: gid:100 Me: 1 -> Create a new server!
InfoShard:2019/07/15 21:18:25 server.go:198: gid:100 Me: 2 -> Create a new server!
InfoShard:2019/07/15 21:18:25 server.go:198: gid:101 Me: 0 -> Create a new server!
InfoShard:2019/07/15 21:18:25 server.go:198: gid:101 Me: 1 -> Create a new server!
InfoShard:2019/07/15 21:18:25 server.go:198: gid:101 Me: 2 -> Create a new server!
InfoShard:2019/07/15 21:18:25 server.go:198: gid:102 Me: 0 -> Create a new server!
InfoShard:2019/07/15 21:18:25 server.go:198: gid:102 Me: 1 -> Create a new server!
InfoShard:2019/07/15 21:18:25 server.go:198: gid:102 Me: 2 -> Create a new server!
InfoShard:2019/07/15 21:18:26 server.go:390: GID:101 me: 2 | Update config to 1
InfoShard:2019/07/15 21:18:26 server.go:390: GID:101 me: 0 | Update config to 1
InfoShard:2019/07/15 21:18:26 server.go:390: GID:102 me: 1 | Update config to 1
InfoShard:2019/07/15 21:18:26 server.go:390: GID:102 me: 0 | Update config to 2
InfoShard:2019/07/15 21:18:26 server.go:390: GID:100 me: 2 | Update config to 2
InfoShard:2019/07/15 21:18:26 server.go:390: GID:101 me: 2 | Update config to 2
InfoShard:2019/07/15 21:18:26 server.go:390: GID:102 me: 2 | Update config to 2
InfoShard:2019/07/15 21:18:26 server.go:390: GID:100 me: 0 | Update config to 2
InfoShard:2019/07/15 21:18:26 server.go:390: GID:101 me: 1 | Update config to 2
InfoShard:2019/07/15 21:18:26 server.go:390: GID:100 me: 1 | Update config to 2
InfoShard:2019/07/15 21:18:26 server.go:390: GID:102 me: 1 | Update config to 2
InfoShard:2019/07/15 21:18:26 server.go:390: GID:101 me: 0 | Update config to 2
InfoShard:2019/07/15 21:18:26 server.go:354: GID:101 me: 1 | Receive put from {4084510384624922779->1}
InfoShard:2019/07/15 21:18:26 server.go:374: GID:101 me: 1 | command{shardkv.Op} Done!
InfoShard:2019/07/15 21:19:06 server.go:302: ShardMaster: 0 |Create a new shardmaster!
InfoShard:2019/07/15 21:19:06 server.go:302: ShardMaster: 1 |Create a new shardmaster!
InfoShard:2019/07/15 21:19:06 server.go:302: ShardMaster: 2 |Create a new shardmaster!
InfoShard:2019/07/15 21:19:06 server.go:198: gid:100 Me: 0 -> Create a new server!
InfoShard:2019/07/15 21:19:06 server.go:198: gid:100 Me: 1 -> Create a new server!
InfoShard:2019/07/15 21:19:06 server.go:198: gid:100 Me: 2 -> Create a new server!
InfoShard:2019/07/15 21:19:06 server.go:198: gid:101 Me: 0 -> Create a new server!
InfoShard:2019/07/15 21:19:06 server.go:198: gid:101 Me: 1 -> Create a new server!
InfoShard:2019/07/15 21:19:06 server.go:198: gid:101 Me: 2 -> Create a new server!
InfoShard:2019/07/15 21:19:06 server.go:198: gid:102 Me: 0 -> Create a new server!
InfoShard:2019/07/15 21:19:06 server.go:198: gid:102 Me: 1 -> Create a new server!
InfoShard:2019/07/15 21:19:06 server.go:198: gid:102 Me: 2 -> Create a new server!
InfoShard:2019/07/15 21:19:07 server.go:391: GID:101 me: 0 | Update config to 1
InfoShard:2019/07/15 21:19:07 server.go:391: GID:100 me: 2 | Update config to 1
InfoShard:2019/07/15 21:19:07 server.go:391: GID:102 me: 1 | Update config to 1
InfoShard:2019/07/15 21:19:07 server.go:391: GID:101 me: 2 | Update config to 1
InfoShard:2019/07/15 21:19:07 server.go:391: GID:101 me: 1 | Update config to 1
InfoShard:2019/07/15 21:19:07 server.go:391: GID:102 me: 2 | Update config to 1
InfoShard:2019/07/15 21:19:07 server.go:391: GID:100 me: 1 | Update config to 1
InfoShard:2019/07/15 21:19:07 server.go:391: GID:100 me: 0 | Update config to 2
InfoShard:2019/07/15 21:19:07 server.go:391: GID:101 me: 0 | Update config to 2
InfoShard:2019/07/15 21:19:07 server.go:391: GID:102 me: 2 | Update config to 2
InfoShard:2019/07/15 21:19:07 server.go:391: GID:102 me: 0 | Update config to 2
InfoShard:2019/07/15 21:19:07 server.go:391: GID:100 me: 2 | Update config to 2
InfoShard:2019/07/15 21:19:07 server.go:391: GID:101 me: 1 | Update config to 2
InfoShard:2019/07/15 21:19:07 server.go:391: GID:101 me: 2 | Update config to 2
InfoShard:2019/07/15 21:19:07 server.go:391: GID:100 me: 1 | Update config to 2
InfoShard:2019/07/15 21:19:07 server.go:391: GID:102 me: 1 | Update config to 2
InfoShard:2019/07/15 21:19:07 server.go:354: GID:101 me: 1 | Receive put from {3990558883622356498->1}
InfoShard:2019/07/15 21:19:07 server.go:377: GID:101 me: 1 | command{shardkv.Op} Done!
InfoShard:2019/07/15 21:19:07 server.go:354: GID:101 me: 1 | Receive put from {3990558883622356498->2}
