WarnRaft:2019/07/15 20:09:54 raft.go:480: Raft: 2 term:  0 |     Follower convert role to Candidate!
WarnRaft:2019/07/15 20:09:54 raft.go:483: Raft: 0 term:  0 |     Follower convert role to Follower!
WarnRaft:2019/07/15 20:09:54 raft.go:421: Raft: 0 term:  0 | vote to candidate   2
WarnRaft:2019/07/15 20:09:54 raft.go:483: Raft: 1 term:  0 |     Follower convert role to Follower!
WarnRaft:2019/07/15 20:09:54 raft.go:421: Raft: 1 term:  0 | vote to candidate   2
WarnRaft:2019/07/15 20:09:54 raft.go:464: Raft: 2 term:  0 |    Candidate convert role to Leader!
WarnRaft:2019/07/15 20:09:56 raft.go:610: Sever index:[  0]  Term:[  0]  role:[  Follower] has been killed.Turn off its log
WarnRaft:2019/07/15 20:09:56 raft.go:480: Raft: 0 term:  1 |     Follower convert role to Candidate!
WarnRaft:2019/07/15 20:09:56 raft.go:610: Sever index:[  1]  Term:[  0]  role:[  Follower] has been killed.Turn off its log
WarnRaft:2019/07/15 20:09:57 raft.go:480: Raft: 1 term:  1 |     Follower convert role to Candidate!
WarnRaft:2019/07/15 20:09:57 raft.go:610: Sever index:[  2]  Term:[  0]  role:[    Leader] has been killed.Turn off its log
WarnRaft:2019/07/15 20:09:57 raft.go:480: Raft: 1 term:  1 |     Follower convert role to Candidate!
WarnRaft:2019/07/15 20:09:57 raft.go:483: Raft: 0 term:  1 |     Follower convert role to Follower!
WarnRaft:2019/07/15 20:09:57 raft.go:480: Raft: 0 term:  2 |     Follower convert role to Candidate!
WarnRaft:2019/07/15 20:09:57 raft.go:483: Raft: 1 term:  2 |    Candidate convert role to Follower!
WarnRaft:2019/07/15 20:09:57 raft.go:421: Raft: 1 term:  2 | vote to candidate   0
WarnRaft:2019/07/15 20:09:57 raft.go:464: Raft: 0 term:  2 |    Candidate convert role to Leader!
WarnRaft:2019/07/15 20:09:58 raft.go:483: Raft: 2 term:  2 |     Follower convert role to Follower!
WarnRaft:2019/07/15 20:10:02 raft.go:610: Sever index:[  0]  Term:[  2]  role:[    Leader] has been killed.Turn off its log
WarnRaft:2019/07/15 20:10:02 raft.go:610: Sever index:[  1]  Term:[  2]  role:[  Follower] has been killed.Turn off its log
WarnRaft:2019/07/15 20:10:02 raft.go:610: Sever index:[  2]  Term:[  2]  role:[  Follower] has been killed.Turn off its log
WarnRaft:2019/07/15 20:10:02 raft.go:480: Raft: 1 term:  3 |     Follower convert role to Candidate!
WarnRaft:2019/07/15 20:10:02 raft.go:480: Raft: 2 term:  3 |     Follower convert role to Candidate!
WarnRaft:2019/07/15 20:10:02 raft.go:480: Raft: 1 term:  0 |     Follower convert role to Candidate!
WarnRaft:2019/07/15 20:10:02 raft.go:483: Raft: 0 term:  0 |     Follower convert role to Follower!
WarnRaft:2019/07/15 20:10:02 raft.go:421: Raft: 0 term:  0 | vote to candidate   1
WarnRaft:2019/07/15 20:10:02 raft.go:483: Raft: 2 term:  0 |     Follower convert role to Follower!
WarnRaft:2019/07/15 20:10:02 raft.go:421: Raft: 2 term:  0 | vote to candidate   1
WarnRaft:2019/07/15 20:10:02 raft.go:464: Raft: 1 term:  0 |    Candidate convert role to Leader!
WarnRaft:2019/07/15 20:10:05 raft.go:610: Sever index:[  0]  Term:[  0]  role:[  Follower] has been killed.Turn off its log
WarnRaft:2019/07/15 20:10:05 raft.go:610: Sever index:[  1]  Term:[  0]  role:[    Leader] has been killed.Turn off its log
WarnRaft:2019/07/15 20:10:05 raft.go:610: Sever index:[  2]  Term:[  0]  role:[  Follower] has been killed.Turn off its log
WarnRaft:2019/07/15 20:10:05 raft.go:480: Raft: 2 term:  1 |     Follower convert role to Candidate!
WarnRaft:2019/07/15 20:10:05 raft.go:480: Raft: 0 term:  1 |     Follower convert role to Candidate!
