InfoRaft:2019/06/19 16:37:48 raft.go:658: Create a new Raft:[  0]! term:[ -1]! Log length:[   0]
InfoRaft:2019/06/19 16:37:48 raft.go:658: Create a new Raft:[  1]! term:[ -1]! Log length:[   0]
InfoRaft:2019/06/19 16:37:48 raft.go:658: Create a new Raft:[  2]! term:[ -1]! Log length:[   0]
InfoRaft:2019/06/19 16:37:48 raft.go:658: Create a new Raft:[  3]! term:[ -1]! Log length:[   0]
InfoRaft:2019/06/19 16:37:48 raft.go:658: Create a new Raft:[  4]! term:[ -1]! Log length:[   0]
InfoRaft:2019/06/19 16:37:48 raft.go:584: Raft: 4 term:  0 | Leader receive a new command:7978 cmdIndex:   1
InfoRaft:2019/06/19 16:37:48 raft.go:340: Raft: 2 term:  0 | receive new command from leader:  4, term:  0, size:  1 curLogLen:   1 LeaderCommit:   0 rfCommit:   0
InfoRaft:2019/06/19 16:37:48 raft.go:340: Raft: 1 term:  0 | receive new command from leader:  4, term:  0, size:  1 curLogLen:   1 LeaderCommit:   0 rfCommit:   0
InfoRaft:2019/06/19 16:37:48 raft.go:507: Raft: 4 term:  0 |       Leader commit! CommitIndex:  1 total:  1
InfoRaft:2019/06/19 16:37:48 util.go:48: me: 4 | Apply new command:7978   commandIndex:  1
InfoRaft:2019/06/19 16:37:48 raft.go:340: Raft: 3 term:  0 | receive new command from leader:  4, term:  0, size:  1 curLogLen:   1 LeaderCommit:   0 rfCommit:   0
InfoRaft:2019/06/19 16:37:48 raft.go:340: Raft: 0 term:  0 | receive new command from leader:  4, term:  0, size:  1 curLogLen:   1 LeaderCommit:   0 rfCommit:   0
InfoRaft:2019/06/19 16:37:48 raft.go:584: Raft: 4 term:  0 | Leader receive a new command:5756 cmdIndex:   2
InfoRaft:2019/06/19 16:37:48 raft.go:584: Raft: 4 term:  0 | Leader receive a new command:7676 cmdIndex:   3
InfoRaft:2019/06/19 16:37:48 raft.go:584: Raft: 4 term:  0 | Leader receive a new command:9511 cmdIndex:   4
InfoRaft:2019/06/19 16:37:48 raft.go:584: Raft: 4 term:  0 | Leader receive a new command:6422 cmdIndex:   5
InfoRaft:2019/06/19 16:37:48 raft.go:584: Raft: 4 term:  0 | Leader receive a new command:7775 cmdIndex:   6
InfoRaft:2019/06/19 16:37:48 raft.go:584: Raft: 4 term:  0 | Leader receive a new command:2613 cmdIndex:   7
InfoRaft:2019/06/19 16:37:48 raft.go:584: Raft: 4 term:  0 | Leader receive a new command:7354 cmdIndex:   8
InfoRaft:2019/06/19 16:37:48 raft.go:584: Raft: 4 term:  0 | Leader receive a new command:5728 cmdIndex:   9
InfoRaft:2019/06/19 16:37:48 raft.go:584: Raft: 4 term:  0 | Leader receive a new command:6736 cmdIndex:  10
InfoRaft:2019/06/19 16:37:48 raft.go:584: Raft: 4 term:  0 | Leader receive a new command:5173 cmdIndex:  11
InfoRaft:2019/06/19 16:37:48 raft.go:584: Raft: 4 term:  0 | Leader receive a new command:935 cmdIndex:  12
InfoRaft:2019/06/19 16:37:48 raft.go:584: Raft: 4 term:  0 | Leader receive a new command:6935 cmdIndex:  13
InfoRaft:2019/06/19 16:37:48 raft.go:584: Raft: 4 term:  0 | Leader receive a new command:1696 cmdIndex:  14
InfoRaft:2019/06/19 16:37:48 raft.go:584: Raft: 4 term:  0 | Leader receive a new command:4486 cmdIndex:  15
InfoRaft:2019/06/19 16:37:48 raft.go:584: Raft: 4 term:  0 | Leader receive a new command:6286 cmdIndex:  16
InfoRaft:2019/06/19 16:37:48 raft.go:584: Raft: 4 term:  0 | Leader receive a new command:9566 cmdIndex:  17
InfoRaft:2019/06/19 16:37:48 raft.go:584: Raft: 4 term:  0 | Leader receive a new command:2828 cmdIndex:  18
InfoRaft:2019/06/19 16:37:48 raft.go:584: Raft: 4 term:  0 | Leader receive a new command:8933 cmdIndex:  19
InfoRaft:2019/06/19 16:37:48 raft.go:584: Raft: 4 term:  0 | Leader receive a new command:8559 cmdIndex:  20
InfoRaft:2019/06/19 16:37:48 raft.go:584: Raft: 4 term:  0 | Leader receive a new command:9968 cmdIndex:  21
InfoRaft:2019/06/19 16:37:48 raft.go:584: Raft: 4 term:  0 | Leader receive a new command:8018 cmdIndex:  22
InfoRaft:2019/06/19 16:37:48 raft.go:584: Raft: 4 term:  0 | Leader receive a new command:2887 cmdIndex:  23
InfoRaft:2019/06/19 16:37:48 raft.go:584: Raft: 4 term:  0 | Leader receive a new command:4983 cmdIndex:  24
InfoRaft:2019/06/19 16:37:48 raft.go:584: Raft: 4 term:  0 | Leader receive a new command:3410 cmdIndex:  25
InfoRaft:2019/06/19 16:37:48 raft.go:584: Raft: 4 term:  0 | Leader receive a new command:5779 cmdIndex:  26
InfoRaft:2019/06/19 16:37:48 raft.go:584: Raft: 4 term:  0 | Leader receive a new command:2239 cmdIndex:  27
InfoRaft:2019/06/19 16:37:48 raft.go:584: Raft: 4 term:  0 | Leader receive a new command:4586 cmdIndex:  28
InfoRaft:2019/06/19 16:37:48 raft.go:584: Raft: 4 term:  0 | Leader receive a new command:2094 cmdIndex:  29
InfoRaft:2019/06/19 16:37:48 raft.go:584: Raft: 4 term:  0 | Leader receive a new command:3880 cmdIndex:  30
InfoRaft:2019/06/19 16:37:48 raft.go:584: Raft: 4 term:  0 | Leader receive a new command:2140 cmdIndex:  31
InfoRaft:2019/06/19 16:37:48 raft.go:584: Raft: 4 term:  0 | Leader receive a new command:6000 cmdIndex:  32
InfoRaft:2019/06/19 16:37:48 raft.go:584: Raft: 4 term:  0 | Leader receive a new command:3806 cmdIndex:  33
InfoRaft:2019/06/19 16:37:48 raft.go:584: Raft: 4 term:  0 | Leader receive a new command:7977 cmdIndex:  34
InfoRaft:2019/06/19 16:37:48 raft.go:584: Raft: 4 term:  0 | Leader receive a new command:4690 cmdIndex:  35
InfoRaft:2019/06/19 16:37:49 raft.go:584: Raft: 4 term:  0 | Leader receive a new command:5132 cmdIndex:  36
InfoRaft:2019/06/19 16:37:49 raft.go:584: Raft: 4 term:  0 | Leader receive a new command:2389 cmdIndex:  37
InfoRaft:2019/06/19 16:37:49 raft.go:584: Raft: 4 term:  0 | Leader receive a new command:9117 cmdIndex:  38
InfoRaft:2019/06/19 16:37:49 raft.go:584: Raft: 4 term:  0 | Leader receive a new command:6083 cmdIndex:  39
InfoRaft:2019/06/19 16:37:49 raft.go:584: Raft: 4 term:  0 | Leader receive a new command:7182 cmdIndex:  40
InfoRaft:2019/06/19 16:37:49 raft.go:584: Raft: 4 term:  0 | Leader receive a new command:38 cmdIndex:  41
InfoRaft:2019/06/19 16:37:49 raft.go:584: Raft: 4 term:  0 | Leader receive a new command:6194 cmdIndex:  42
InfoRaft:2019/06/19 16:37:49 raft.go:584: Raft: 0 term:  2 | Leader receive a new command:7141 cmdIndex:   2
InfoRaft:2019/06/19 16:37:49 raft.go:584: Raft: 4 term:  0 | Leader receive a new command:593 cmdIndex:  43
InfoRaft:2019/06/19 16:37:49 raft.go:584: Raft: 0 term:  2 | Leader receive a new command:8659 cmdIndex:   3
InfoRaft:2019/06/19 16:37:49 raft.go:584: Raft: 4 term:  0 | Leader receive a new command:6608 cmdIndex:  44
InfoRaft:2019/06/19 16:37:49 raft.go:584: Raft: 0 term:  2 | Leader receive a new command:7250 cmdIndex:   4
InfoRaft:2019/06/19 16:37:49 raft.go:584: Raft: 4 term:  0 | Leader receive a new command:7862 cmdIndex:  45
InfoRaft:2019/06/19 16:37:49 raft.go:584: Raft: 0 term:  2 | Leader receive a new command:2254 cmdIndex:   5
InfoRaft:2019/06/19 16:37:49 raft.go:584: Raft: 4 term:  0 | Leader receive a new command:394 cmdIndex:  46
InfoRaft:2019/06/19 16:37:49 raft.go:584: Raft: 0 term:  2 | Leader receive a new command:8705 cmdIndex:   6
InfoRaft:2019/06/19 16:37:49 raft.go:584: Raft: 4 term:  0 | Leader receive a new command:4108 cmdIndex:  47
InfoRaft:2019/06/19 16:37:49 raft.go:584: Raft: 0 term:  2 | Leader receive a new command:1630 cmdIndex:   7
InfoRaft:2019/06/19 16:37:49 raft.go:584: Raft: 4 term:  0 | Leader receive a new command:2748 cmdIndex:  48
InfoRaft:2019/06/19 16:37:49 raft.go:584: Raft: 0 term:  2 | Leader receive a new command:7564 cmdIndex:   8
InfoRaft:2019/06/19 16:37:49 raft.go:584: Raft: 4 term:  0 | Leader receive a new command:4648 cmdIndex:  49
InfoRaft:2019/06/19 16:37:49 raft.go:584: Raft: 0 term:  2 | Leader receive a new command:7712 cmdIndex:   9
InfoRaft:2019/06/19 16:37:49 raft.go:584: Raft: 4 term:  0 | Leader receive a new command:9225 cmdIndex:  50
InfoRaft:2019/06/19 16:37:49 raft.go:584: Raft: 0 term:  2 | Leader receive a new command:2198 cmdIndex:  10
InfoRaft:2019/06/19 16:37:49 raft.go:584: Raft: 4 term:  0 | Leader receive a new command:2881 cmdIndex:  51
InfoRaft:2019/06/19 16:37:49 raft.go:584: Raft: 0 term:  2 | Leader receive a new command:9384 cmdIndex:  11
InfoRaft:2019/06/19 16:37:49 raft.go:584: Raft: 4 term:  0 | Leader receive a new command:6822 cmdIndex:  52
InfoRaft:2019/06/19 16:37:49 raft.go:584: Raft: 0 term:  2 | Leader receive a new command:4119 cmdIndex:  12
InfoRaft:2019/06/19 16:37:49 raft.go:584: Raft: 4 term:  0 | Leader receive a new command:3395 cmdIndex:  53
InfoRaft:2019/06/19 16:37:49 raft.go:584: Raft: 0 term:  2 | Leader receive a new command:8891 cmdIndex:  13
InfoRaft:2019/06/19 16:37:49 raft.go:584: Raft: 4 term:  0 | Leader receive a new command:1166 cmdIndex:  54
InfoRaft:2019/06/19 16:37:49 raft.go:584: Raft: 0 term:  2 | Leader receive a new command:3146 cmdIndex:  14
InfoRaft:2019/06/19 16:37:49 raft.go:584: Raft: 4 term:  0 | Leader receive a new command:601 cmdIndex:  55
InfoRaft:2019/06/19 16:37:49 raft.go:584: Raft: 0 term:  2 | Leader receive a new command:6957 cmdIndex:  15
InfoRaft:2019/06/19 16:37:49 raft.go:584: Raft: 4 term:  0 | Leader receive a new command:5675 cmdIndex:  56
InfoRaft:2019/06/19 16:37:49 raft.go:584: Raft: 0 term:  2 | Leader receive a new command:2524 cmdIndex:  16
InfoRaft:2019/06/19 16:37:49 raft.go:584: Raft: 4 term:  0 | Leader receive a new command:3369 cmdIndex:  57
InfoRaft:2019/06/19 16:37:49 raft.go:584: Raft: 0 term:  2 | Leader receive a new command:5741 cmdIndex:  17
InfoRaft:2019/06/19 16:37:49 raft.go:584: Raft: 4 term:  0 | Leader receive a new command:3811 cmdIndex:  58
InfoRaft:2019/06/19 16:37:49 raft.go:584: Raft: 0 term:  2 | Leader receive a new command:8100 cmdIndex:  18
InfoRaft:2019/06/19 16:37:49 raft.go:584: Raft: 4 term:  0 | Leader receive a new command:9011 cmdIndex:  59
InfoRaft:2019/06/19 16:37:49 raft.go:584: Raft: 0 term:  2 | Leader receive a new command:662 cmdIndex:  19
InfoRaft:2019/06/19 16:37:49 raft.go:584: Raft: 4 term:  0 | Leader receive a new command:2911 cmdIndex:  60
InfoRaft:2019/06/19 16:37:50 raft.go:584: Raft: 0 term:  2 | Leader receive a new command:7990 cmdIndex:  20
InfoRaft:2019/06/19 16:37:50 raft.go:584: Raft: 4 term:  0 | Leader receive a new command:1798 cmdIndex:  61
InfoRaft:2019/06/19 16:37:50 raft.go:584: Raft: 0 term:  2 | Leader receive a new command:580 cmdIndex:  21
InfoRaft:2019/06/19 16:37:50 raft.go:584: Raft: 4 term:  0 | Leader receive a new command:5176 cmdIndex:  62
InfoRaft:2019/06/19 16:37:50 raft.go:584: Raft: 0 term:  2 | Leader receive a new command:4812 cmdIndex:  22
InfoRaft:2019/06/19 16:37:50 raft.go:584: Raft: 4 term:  0 | Leader receive a new command:7404 cmdIndex:  63
InfoRaft:2019/06/19 16:37:50 raft.go:584: Raft: 0 term:  2 | Leader receive a new command:215 cmdIndex:  23
InfoRaft:2019/06/19 16:37:50 raft.go:584: Raft: 4 term:  0 | Leader receive a new command:5036 cmdIndex:  64
InfoRaft:2019/06/19 16:37:50 raft.go:584: Raft: 0 term:  2 | Leader receive a new command:7212 cmdIndex:  24
InfoRaft:2019/06/19 16:37:50 raft.go:584: Raft: 4 term:  0 | Leader receive a new command:5762 cmdIndex:  65
InfoRaft:2019/06/19 16:37:50 raft.go:584: Raft: 0 term:  2 | Leader receive a new command:1922 cmdIndex:  25
InfoRaft:2019/06/19 16:37:50 raft.go:584: Raft: 4 term:  0 | Leader receive a new command:1819 cmdIndex:  66
InfoRaft:2019/06/19 16:37:50 raft.go:584: Raft: 0 term:  2 | Leader receive a new command:7885 cmdIndex:  26
InfoRaft:2019/06/19 16:37:50 raft.go:584: Raft: 4 term:  0 | Leader receive a new command:9448 cmdIndex:  67
InfoRaft:2019/06/19 16:37:50 raft.go:584: Raft: 0 term:  2 | Leader receive a new command:157 cmdIndex:  27
InfoRaft:2019/06/19 16:37:50 raft.go:584: Raft: 2 term:  5 | Leader receive a new command:2853 cmdIndex:   2
InfoRaft:2019/06/19 16:37:50 raft.go:584: Raft: 4 term:  0 | Leader receive a new command:6455 cmdIndex:  68
InfoRaft:2019/06/19 16:37:50 raft.go:584: Raft: 0 term:  2 | Leader receive a new command:5093 cmdIndex:  28

InfoRaft:2019/06/19 16:37:50 raft.go:584: Raft: 2 term:  5 | Leader receive a new command:4109 cmdIndex:   3

InfoRaft:2019/06/19 16:37:50 raft.go:584: Raft: 4 term:  0 | Leader receive a new command:3130 cmdIndex:  69
InfoRaft:2019/06/19 16:37:50 raft.go:340: Raft: 3 term:  5 | receive new command from leader:  2, term:  5, size:  1 curLogLen:   2 LeaderCommit:   0 rfCommit:   0
InfoRaft:2019/06/19 16:37:50 raft.go:584: Raft: 0 term:  2 | Leader receive a new command:5108 cmdIndex:  29
InfoRaft:2019/06/19 16:37:50 raft.go:584: Raft: 2 term:  5 | Leader receive a new command:9689 cmdIndex:   4
InfoRaft:2019/06/19 16:37:50 raft.go:584: Raft: 4 term:  0 | Leader receive a new command:5975 cmdIndex:  70
InfoRaft:2019/06/19 16:37:50 raft.go:340: Raft: 1 term:  5 | receive new command from leader:  2, term:  5, size:  1 curLogLen:   2 LeaderCommit:   0 rfCommit:   0
InfoRaft:2019/06/19 16:37:50 raft.go:830: Raft: 4 term:  5 | leader done! become follower
InfoRaft:2019/06/19 16:37:50 raft.go:830: Raft: 4 term:  5 | leader done! become follower
InfoRaft:2019/06/19 16:37:50 raft.go:584: Raft: 0 term:  2 | Leader receive a new command:7725 cmdIndex:  30
InfoRaft:2019/06/19 16:37:50 raft.go:584: Raft: 2 term:  5 | Leader receive a new command:1108 cmdIndex:   5
InfoRaft:2019/06/19 16:37:50 raft.go:584: Raft: 0 term:  2 | Leader receive a new command:6983 cmdIndex:  31
InfoRaft:2019/06/19 16:37:50 raft.go:584: Raft: 2 term:  5 | Leader receive a new command:1763 cmdIndex:   6
InfoRaft:2019/06/19 16:37:50 raft.go:584: Raft: 0 term:  2 | Leader receive a new command:5309 cmdIndex:  32
InfoRaft:2019/06/19 16:37:50 raft.go:584: Raft: 2 term:  5 | Leader receive a new command:5420 cmdIndex:   7
InfoRaft:2019/06/19 16:37:50 raft.go:584: Raft: 0 term:  2 | Leader receive a new command:2163 cmdIndex:  33
InfoRaft:2019/06/19 16:37:50 raft.go:584: Raft: 2 term:  5 | Leader receive a new command:4802 cmdIndex:   8
InfoRaft:2019/06/19 16:37:50 raft.go:584: Raft: 0 term:  2 | Leader receive a new command:1174 cmdIndex:  34
InfoRaft:2019/06/19 16:37:50 raft.go:584: Raft: 2 term:  5 | Leader receive a new command:3456 cmdIndex:   9
InfoRaft:2019/06/19 16:37:50 raft.go:584: Raft: 0 term:  2 | Leader receive a new command:7481 cmdIndex:  35
InfoRaft:2019/06/19 16:37:50 raft.go:584: Raft: 2 term:  5 | Leader receive a new command:2760 cmdIndex:  10
InfoRaft:2019/06/19 16:37:50 raft.go:584: Raft: 0 term:  2 | Leader receive a new command:7069 cmdIndex:  36
InfoRaft:2019/06/19 16:37:50 raft.go:584: Raft: 2 term:  5 | Leader receive a new command:3175 cmdIndex:  11
InfoRaft:2019/06/19 16:37:50 raft.go:584: Raft: 0 term:  2 | Leader receive a new command:7633 cmdIndex:  37
InfoRaft:2019/06/19 16:37:50 raft.go:584: Raft: 2 term:  5 | Leader receive a new command:8382 cmdIndex:  12
InfoRaft:2019/06/19 16:37:50 raft.go:584: Raft: 0 term:  2 | Leader receive a new command:8556 cmdIndex:  38
InfoRaft:2019/06/19 16:37:50 raft.go:584: Raft: 2 term:  5 | Leader receive a new command:3084 cmdIndex:  13
InfoRaft:2019/06/19 16:37:50 raft.go:584: Raft: 0 term:  2 | Leader receive a new command:4812 cmdIndex:  39
InfoRaft:2019/06/19 16:37:50 raft.go:584: Raft: 2 term:  5 | Leader receive a new command:8405 cmdIndex:  14
InfoRaft:2019/06/19 16:37:50 raft.go:584: Raft: 0 term:  2 | Leader receive a new command:6005 cmdIndex:  40
InfoRaft:2019/06/19 16:37:50 raft.go:584: Raft: 2 term:  5 | Leader receive a new command:1085 cmdIndex:  15
InfoRaft:2019/06/19 16:37:51 raft.go:584: Raft: 0 term:  2 | Leader receive a new command:2757 cmdIndex:  41
InfoRaft:2019/06/19 16:37:51 raft.go:584: Raft: 2 term:  5 | Leader receive a new command:1237 cmdIndex:  16
InfoRaft:2019/06/19 16:37:51 raft.go:313: Raft: 4 term:  7 | receive leader:[  3] message but not match!
InfoRaft:2019/06/19 16:37:51 raft.go:314: Raft: 4 term:  7 | index:   2 | args: term   5 | cur: term:   0
InfoRaft:2019/06/19 16:37:51 raft.go:313: Raft: 4 term:  7 | receive leader:[  3] message but not match!
InfoRaft:2019/06/19 16:37:51 raft.go:314: Raft: 4 term:  7 | index:   2 | args: term   5 | cur: term:   0
InfoRaft:2019/06/19 16:37:51 raft.go:584: Raft: 0 term:  2 | Leader receive a new command:5963 cmdIndex:  42
InfoRaft:2019/06/19 16:37:51 raft.go:584: Raft: 2 term:  5 | Leader receive a new command:7855 cmdIndex:  17
InfoRaft:2019/06/19 16:37:51 raft.go:584: Raft: 3 term:  7 | Leader receive a new command:4104 cmdIndex:   3
InfoRaft:2019/06/19 16:37:51 raft.go:584: Raft: 0 term:  2 | Leader receive a new command:211 cmdIndex:  43
InfoRaft:2019/06/19 16:37:51 raft.go:584: Raft: 2 term:  5 | Leader receive a new command:9023 cmdIndex:  18
InfoRaft:2019/06/19 16:37:51 raft.go:584: Raft: 3 term:  7 | Leader receive a new command:4306 cmdIndex:   4
InfoRaft:2019/06/19 16:37:51 raft.go:584: Raft: 0 term:  2 | Leader receive a new command:2130 cmdIndex:  44
InfoRaft:2019/06/19 16:37:51 raft.go:584: Raft: 2 term:  5 | Leader receive a new command:3277 cmdIndex:  19
InfoRaft:2019/06/19 16:37:51 raft.go:584: Raft: 3 term:  7 | Leader receive a new command:4681 cmdIndex:   5
InfoRaft:2019/06/19 16:37:51 raft.go:340: Raft: 1 term:  7 | receive new command from leader:  3, term:  7, size:  3 curLogLen:   5 LeaderCommit:   0 rfCommit:   0
InfoRaft:2019/06/19 16:37:51 raft.go:313: Raft: 4 term:  7 | receive leader:[  3] message but not match!
InfoRaft:2019/06/19 16:37:51 raft.go:314: Raft: 4 term:  7 | index:   2 | args: term   5 | cur: term:   0
InfoRaft:2019/06/19 16:37:51 raft.go:924: Raft: 3 term:  7 | Msg to   4 fail,decrease nextIndex to:  2
InfoRaft:2019/06/19 16:37:51 raft.go:340: Raft: 4 term:  7 | receive new command from leader:  3, term:  7, size:  4 curLogLen:  70 LeaderCommit:   0 rfCommit:   1
InfoRaft:2019/06/19 16:37:51 raft.go:340: Raft: 4 term:  7 | receive new command from leader:  3, term:  7, size:  4 curLogLen:  70 LeaderCommit:   0 rfCommit:   1
InfoRaft:2019/06/19 16:37:51 raft.go:584: Raft: 0 term:  2 | Leader receive a new command:7374 cmdIndex:  45
InfoRaft:2019/06/19 16:37:51 raft.go:584: Raft: 2 term:  5 | Leader receive a new command:3894 cmdIndex:  20
InfoRaft:2019/06/19 16:37:51 raft.go:584: Raft: 3 term:  7 | Leader receive a new command:4837 cmdIndex:   6
InfoRaft:2019/06/19 16:37:51 raft.go:584: Raft: 0 term:  2 | Leader receive a new command:8776 cmdIndex:  46
InfoRaft:2019/06/19 16:37:51 raft.go:584: Raft: 2 term:  5 | Leader receive a new command:4957 cmdIndex:  21
InfoRaft:2019/06/19 16:37:51 raft.go:584: Raft: 3 term:  7 | Leader receive a new command:9874 cmdIndex:   7
InfoRaft:2019/06/19 16:37:51 raft.go:340: Raft: 1 term:  7 | receive new command from leader:  3, term:  7, size:  2 curLogLen:   7 LeaderCommit:   0 rfCommit:   0
InfoRaft:2019/06/19 16:37:51 raft.go:340: Raft: 4 term:  7 | receive new command from leader:  3, term:  7, size:  2 curLogLen:  70 LeaderCommit:   0 rfCommit:   1
InfoRaft:2019/06/19 16:37:51 raft.go:340: Raft: 4 term:  7 | receive new command from leader:  3, term:  7, size:  2 curLogLen:  70 LeaderCommit:   0 rfCommit:   1
InfoRaft:2019/06/19 16:37:52 raft.go:584: Raft: 0 term:  2 | Leader receive a new command:3525 cmdIndex:  47
InfoRaft:2019/06/19 16:37:52 raft.go:584: Raft: 2 term:  5 | Leader receive a new command:126 cmdIndex:  22
InfoRaft:2019/06/19 16:37:52 raft.go:584: Raft: 3 term:  7 | Leader receive a new command:8005 cmdIndex:   8
InfoRaft:2019/06/19 16:37:52 raft.go:584: Raft: 0 term:  2 | Leader receive a new command:3536 cmdIndex:  48
InfoRaft:2019/06/19 16:37:52 raft.go:584: Raft: 2 term:  5 | Leader receive a new command:1889 cmdIndex:  23
InfoRaft:2019/06/19 16:37:52 raft.go:584: Raft: 3 term:  7 | Leader receive a new command:2502 cmdIndex:   9
InfoRaft:2019/06/19 16:37:52 raft.go:584: Raft: 0 term:  2 | Leader receive a new command:6686 cmdIndex:  49
InfoRaft:2019/06/19 16:37:52 raft.go:584: Raft: 2 term:  5 | Leader receive a new command:2269 cmdIndex:  24
InfoRaft:2019/06/19 16:37:52 raft.go:584: Raft: 3 term:  7 | Leader receive a new command:4122 cmdIndex:  10
InfoRaft:2019/06/19 16:37:52 raft.go:584: Raft: 0 term:  2 | Leader receive a new command:4455 cmdIndex:  50
InfoRaft:2019/06/19 16:37:52 raft.go:584: Raft: 2 term:  5 | Leader receive a new command:9650 cmdIndex:  25
InfoRaft:2019/06/19 16:37:52 raft.go:584: Raft: 3 term:  7 | Leader receive a new command:2340 cmdIndex:  11
InfoRaft:2019/06/19 16:37:52 raft.go:584: Raft: 0 term:  2 | Leader receive a new command:9849 cmdIndex:  51
InfoRaft:2019/06/19 16:37:52 raft.go:584: Raft: 2 term:  5 | Leader receive a new command:9099 cmdIndex:  26
InfoRaft:2019/06/19 16:37:52 raft.go:584: Raft: 3 term:  7 | Leader receive a new command:5422 cmdIndex:  12
InfoRaft:2019/06/19 16:37:52 raft.go:584: Raft: 0 term:  2 | Leader receive a new command:9887 cmdIndex:  52
InfoRaft:2019/06/19 16:37:52 raft.go:584: Raft: 2 term:  5 | Leader receive a new command:1595 cmdIndex:  27
InfoRaft:2019/06/19 16:37:52 raft.go:584: Raft: 3 term:  7 | Leader receive a new command:6073 cmdIndex:  13
InfoRaft:2019/06/19 16:37:52 raft.go:584: Raft: 0 term:  2 | Leader receive a new command:766 cmdIndex:  53
InfoRaft:2019/06/19 16:37:52 raft.go:584: Raft: 2 term:  5 | Leader receive a new command:418 cmdIndex:  28
InfoRaft:2019/06/19 16:37:52 raft.go:584: Raft: 3 term:  7 | Leader receive a new command:2549 cmdIndex:  14
InfoRaft:2019/06/19 16:37:52 raft.go:584: Raft: 0 term:  2 | Leader receive a new command:8124 cmdIndex:  54
InfoRaft:2019/06/19 16:37:52 raft.go:584: Raft: 2 term:  5 | Leader receive a new command:6743 cmdIndex:  29
InfoRaft:2019/06/19 16:37:52 raft.go:584: Raft: 3 term:  7 | Leader receive a new command:7582 cmdIndex:  15
InfoRaft:2019/06/19 16:37:52 raft.go:584: Raft: 0 term:  2 | Leader receive a new command:7402 cmdIndex:  55
InfoRaft:2019/06/19 16:37:52 raft.go:584: Raft: 2 term:  5 | Leader receive a new command:6483 cmdIndex:  30
InfoRaft:2019/06/19 16:37:52 raft.go:584: Raft: 3 term:  7 | Leader receive a new command:5392 cmdIndex:  16
InfoRaft:2019/06/19 16:37:52 raft.go:830: Raft: 0 term:  7 | leader done! become follower
InfoRaft:2019/06/19 16:37:52 raft.go:584: Raft: 2 term:  5 | Leader receive a new command:5776 cmdIndex:  31
InfoRaft:2019/06/19 16:37:52 raft.go:584: Raft: 3 term:  7 | Leader receive a new command:6129 cmdIndex:  17
InfoRaft:2019/06/19 16:37:52 raft.go:340: Raft: 1 term:  7 | receive new command from leader:  3, term:  7, size: 10 curLogLen:  17 LeaderCommit:   0 rfCommit:   0
InfoRaft:2019/06/19 16:37:52 raft.go:340: Raft: 4 term:  7 | receive new command from leader:  3, term:  7, size: 10 curLogLen:  70 LeaderCommit:   0 rfCommit:   1
InfoRaft:2019/06/19 16:37:52 raft.go:507: Raft: 3 term:  7 |       Leader commit! CommitIndex:  1 total: 17
InfoRaft:2019/06/19 16:37:52 util.go:48: me: 3 | Apply new command:7978   commandIndex:  1
InfoRaft:2019/06/19 16:37:52 util.go:48: me: 3 | Apply new command:2853   commandIndex:  2
InfoRaft:2019/06/19 16:37:52 raft.go:507: Raft: 3 term:  7 |       Leader commit! CommitIndex:  2 total: 17
InfoRaft:2019/06/19 16:37:52 raft.go:507: Raft: 3 term:  7 |       Leader commit! CommitIndex:  3 total: 17
InfoRaft:2019/06/19 16:37:52 util.go:48: me: 3 | Apply new command:4104   commandIndex:  3
InfoRaft:2019/06/19 16:37:52 util.go:48: me: 3 | Apply new command:4306   commandIndex:  4
InfoRaft:2019/06/19 16:37:52 raft.go:507: Raft: 3 term:  7 |       Leader commit! CommitIndex:  4 total: 17
InfoRaft:2019/06/19 16:37:52 raft.go:507: Raft: 3 term:  7 |       Leader commit! CommitIndex:  5 total: 17
InfoRaft:2019/06/19 16:37:52 util.go:48: me: 3 | Apply new command:4681   commandIndex:  5
InfoRaft:2019/06/19 16:37:52 util.go:48: me: 3 | Apply new command:4837   commandIndex:  6
InfoRaft:2019/06/19 16:37:52 raft.go:507: Raft: 3 term:  7 |       Leader commit! CommitIndex:  6 total: 17
InfoRaft:2019/06/19 16:37:52 raft.go:507: Raft: 3 term:  7 |       Leader commit! CommitIndex:  7 total: 17
InfoRaft:2019/06/19 16:37:52 util.go:48: me: 3 | Apply new command:9874   commandIndex:  7
InfoRaft:2019/06/19 16:37:52 util.go:48: me: 3 | Apply new command:8005   commandIndex:  8
InfoRaft:2019/06/19 16:37:52 raft.go:507: Raft: 3 term:  7 |       Leader commit! CommitIndex:  8 total: 17
InfoRaft:2019/06/19 16:37:52 raft.go:507: Raft: 3 term:  7 |       Leader commit! CommitIndex:  9 total: 17
InfoRaft:2019/06/19 16:37:52 util.go:48: me: 3 | Apply new command:2502   commandIndex:  9
InfoRaft:2019/06/19 16:37:52 util.go:48: me: 3 | Apply new command:4122   commandIndex: 10
InfoRaft:2019/06/19 16:37:52 raft.go:507: Raft: 3 term:  7 |       Leader commit! CommitIndex: 10 total: 17
InfoRaft:2019/06/19 16:37:52 raft.go:507: Raft: 3 term:  7 |       Leader commit! CommitIndex: 11 total: 17
InfoRaft:2019/06/19 16:37:52 util.go:48: me: 3 | Apply new command:2340   commandIndex: 11
InfoRaft:2019/06/19 16:37:52 util.go:48: me: 3 | Apply new command:5422   commandIndex: 12
InfoRaft:2019/06/19 16:37:52 raft.go:507: Raft: 3 term:  7 |       Leader commit! CommitIndex: 12 total: 17
InfoRaft:2019/06/19 16:37:52 raft.go:507: Raft: 3 term:  7 |       Leader commit! CommitIndex: 13 total: 17
InfoRaft:2019/06/19 16:37:52 util.go:48: me: 3 | Apply new command:6073   commandIndex: 13
InfoRaft:2019/06/19 16:37:52 util.go:48: me: 3 | Apply new command:2549   commandIndex: 14
InfoRaft:2019/06/19 16:37:52 raft.go:507: Raft: 3 term:  7 |       Leader commit! CommitIndex: 14 total: 17
InfoRaft:2019/06/19 16:37:52 raft.go:507: Raft: 3 term:  7 |       Leader commit! CommitIndex: 15 total: 17
InfoRaft:2019/06/19 16:37:52 util.go:48: me: 3 | Apply new command:7582   commandIndex: 15
InfoRaft:2019/06/19 16:37:52 util.go:48: me: 3 | Apply new command:5392   commandIndex: 16
InfoRaft:2019/06/19 16:37:52 raft.go:507: Raft: 3 term:  7 |       Leader commit! CommitIndex: 16 total: 17
InfoRaft:2019/06/19 16:37:52 raft.go:507: Raft: 3 term:  7 |       Leader commit! CommitIndex: 17 total: 17
InfoRaft:2019/06/19 16:37:52 util.go:48: me: 3 | Apply new command:6129   commandIndex: 17
InfoRaft:2019/06/19 16:37:52 raft.go:507: Raft: 1 term:  7 |     Follower commit! CommitIndex:  1 total: 17
InfoRaft:2019/06/19 16:37:52 util.go:48: me: 1 | Apply new command:7978   commandIndex:  1
InfoRaft:2019/06/19 16:37:52 util.go:48: me: 1 | Apply new command:2853   commandIndex:  2
InfoRaft:2019/06/19 16:37:52 raft.go:507: Raft: 1 term:  7 |     Follower commit! CommitIndex:  2 total: 17
InfoRaft:2019/06/19 16:37:52 raft.go:507: Raft: 1 term:  7 |     Follower commit! CommitIndex:  3 total: 17
InfoRaft:2019/06/19 16:37:52 util.go:48: me: 1 | Apply new command:4104   commandIndex:  3
InfoRaft:2019/06/19 16:37:52 util.go:48: me: 1 | Apply new command:4306   commandIndex:  4
InfoRaft:2019/06/19 16:37:52 raft.go:507: Raft: 1 term:  7 |     Follower commit! CommitIndex:  4 total: 17
InfoRaft:2019/06/19 16:37:52 raft.go:507: Raft: 1 term:  7 |     Follower commit! CommitIndex:  5 total: 17
InfoRaft:2019/06/19 16:37:52 util.go:48: me: 1 | Apply new command:4681   commandIndex:  5
InfoRaft:2019/06/19 16:37:52 util.go:48: me: 1 | Apply new command:4837   commandIndex:  6
InfoRaft:2019/06/19 16:37:52 raft.go:507: Raft: 1 term:  7 |     Follower commit! CommitIndex:  6 total: 17
InfoRaft:2019/06/19 16:37:52 raft.go:507: Raft: 1 term:  7 |     Follower commit! CommitIndex:  7 total: 17
InfoRaft:2019/06/19 16:37:52 util.go:48: me: 1 | Apply new command:9874   commandIndex:  7
InfoRaft:2019/06/19 16:37:52 util.go:48: me: 1 | Apply new command:8005   commandIndex:  8
InfoRaft:2019/06/19 16:37:52 raft.go:507: Raft: 1 term:  7 |     Follower commit! CommitIndex:  8 total: 17
InfoRaft:2019/06/19 16:37:52 raft.go:507: Raft: 1 term:  7 |     Follower commit! CommitIndex:  9 total: 17
InfoRaft:2019/06/19 16:37:52 util.go:48: me: 1 | Apply new command:2502   commandIndex:  9
InfoRaft:2019/06/19 16:37:52 util.go:48: me: 1 | Apply new command:4122   commandIndex: 10
InfoRaft:2019/06/19 16:37:52 raft.go:507: Raft: 1 term:  7 |     Follower commit! CommitIndex: 10 total: 17
InfoRaft:2019/06/19 16:37:52 raft.go:507: Raft: 1 term:  7 |     Follower commit! CommitIndex: 11 total: 17
InfoRaft:2019/06/19 16:37:52 util.go:48: me: 1 | Apply new command:2340   commandIndex: 11
InfoRaft:2019/06/19 16:37:52 util.go:48: me: 1 | Apply new command:5422   commandIndex: 12
InfoRaft:2019/06/19 16:37:52 raft.go:507: Raft: 1 term:  7 |     Follower commit! CommitIndex: 12 total: 17
InfoRaft:2019/06/19 16:37:52 raft.go:507: Raft: 1 term:  7 |     Follower commit! CommitIndex: 13 total: 17
InfoRaft:2019/06/19 16:37:52 util.go:48: me: 1 | Apply new command:6073   commandIndex: 13
InfoRaft:2019/06/19 16:37:52 util.go:48: me: 1 | Apply new command:2549   commandIndex: 14
InfoRaft:2019/06/19 16:37:52 raft.go:507: Raft: 1 term:  7 |     Follower commit! CommitIndex: 14 total: 17
InfoRaft:2019/06/19 16:37:52 raft.go:507: Raft: 1 term:  7 |     Follower commit! CommitIndex: 15 total: 17
InfoRaft:2019/06/19 16:37:52 util.go:48: me: 1 | Apply new command:7582   commandIndex: 15
InfoRaft:2019/06/19 16:37:52 util.go:48: me: 1 | Apply new command:5392   commandIndex: 16
InfoRaft:2019/06/19 16:37:52 raft.go:507: Raft: 1 term:  7 |     Follower commit! CommitIndex: 16 total: 17
InfoRaft:2019/06/19 16:37:52 raft.go:507: Raft: 1 term:  7 |     Follower commit! CommitIndex: 17 total: 17
InfoRaft:2019/06/19 16:37:52 util.go:48: me: 1 | Apply new command:6129   commandIndex: 17
InfoRaft:2019/06/19 16:37:52 raft.go:507: Raft: 4 term:  7 |     Follower commit! CommitIndex:  2 total: 17
InfoRaft:2019/06/19 16:37:52 util.go:48: me: 4 | Apply new command:2853   commandIndex:  2
InfoRaft:2019/06/19 16:37:52 util.go:48: me: 4 | Apply new command:4104   commandIndex:  3
InfoRaft:2019/06/19 16:37:52 raft.go:507: Raft: 4 term:  7 |     Follower commit! CommitIndex:  3 total: 17
InfoRaft:2019/06/19 16:37:52 raft.go:507: Raft: 4 term:  7 |     Follower commit! CommitIndex:  4 total: 17
InfoRaft:2019/06/19 16:37:52 util.go:48: me: 4 | Apply new command:4306   commandIndex:  4
InfoRaft:2019/06/19 16:37:52 util.go:48: me: 4 | Apply new command:4681   commandIndex:  5
InfoRaft:2019/06/19 16:37:52 raft.go:507: Raft: 4 term:  7 |     Follower commit! CommitIndex:  5 total: 17
InfoRaft:2019/06/19 16:37:52 raft.go:507: Raft: 4 term:  7 |     Follower commit! CommitIndex:  6 total: 17
InfoRaft:2019/06/19 16:37:52 util.go:48: me: 4 | Apply new command:4837   commandIndex:  6
InfoRaft:2019/06/19 16:37:52 util.go:48: me: 4 | Apply new command:9874   commandIndex:  7
InfoRaft:2019/06/19 16:37:52 raft.go:507: Raft: 4 term:  7 |     Follower commit! CommitIndex:  7 total: 17
InfoRaft:2019/06/19 16:37:52 raft.go:507: Raft: 4 term:  7 |     Follower commit! CommitIndex:  8 total: 17
InfoRaft:2019/06/19 16:37:52 util.go:48: me: 4 | Apply new command:8005   commandIndex:  8
InfoRaft:2019/06/19 16:37:52 util.go:48: me: 4 | Apply new command:2502   commandIndex:  9
InfoRaft:2019/06/19 16:37:52 raft.go:507: Raft: 4 term:  7 |     Follower commit! CommitIndex:  9 total: 17
InfoRaft:2019/06/19 16:37:52 raft.go:507: Raft: 4 term:  7 |     Follower commit! CommitIndex: 10 total: 17
InfoRaft:2019/06/19 16:37:52 util.go:48: me: 4 | Apply new command:4122   commandIndex: 10
InfoRaft:2019/06/19 16:37:52 util.go:48: me: 4 | Apply new command:2340   commandIndex: 11
InfoRaft:2019/06/19 16:37:52 raft.go:507: Raft: 4 term:  7 |     Follower commit! CommitIndex: 11 total: 17
InfoRaft:2019/06/19 16:37:52 raft.go:507: Raft: 4 term:  7 |     Follower commit! CommitIndex: 12 total: 17
InfoRaft:2019/06/19 16:37:52 util.go:48: me: 4 | Apply new command:5422   commandIndex: 12
InfoRaft:2019/06/19 16:37:52 util.go:48: me: 4 | Apply new command:6073   commandIndex: 13
InfoRaft:2019/06/19 16:37:52 raft.go:507: Raft: 4 term:  7 |     Follower commit! CommitIndex: 13 total: 17
InfoRaft:2019/06/19 16:37:52 raft.go:507: Raft: 4 term:  7 |     Follower commit! CommitIndex: 14 total: 17
InfoRaft:2019/06/19 16:37:52 util.go:48: me: 4 | Apply new command:2549   commandIndex: 14
InfoRaft:2019/06/19 16:37:52 util.go:48: me: 4 | Apply new command:7582   commandIndex: 15
InfoRaft:2019/06/19 16:37:52 raft.go:507: Raft: 4 term:  7 |     Follower commit! CommitIndex: 15 total: 17
InfoRaft:2019/06/19 16:37:52 raft.go:507: Raft: 4 term:  7 |     Follower commit! CommitIndex: 16 total: 17
InfoRaft:2019/06/19 16:37:52 util.go:48: me: 4 | Apply new command:5392   commandIndex: 16
InfoRaft:2019/06/19 16:37:52 util.go:48: me: 4 | Apply new command:6129   commandIndex: 17
InfoRaft:2019/06/19 16:37:52 raft.go:507: Raft: 4 term:  7 |     Follower commit! CommitIndex: 17 total: 17
InfoRaft:2019/06/19 16:37:52 raft.go:584: Raft: 2 term:  5 | Leader receive a new command:7772 cmdIndex:  32
InfoRaft:2019/06/19 16:37:52 raft.go:584: Raft: 3 term:  7 | Leader receive a new command:8470 cmdIndex:  18
InfoRaft:2019/06/19 16:37:52 raft.go:584: Raft: 2 term:  5 | Leader receive a new command:6901 cmdIndex:  33
InfoRaft:2019/06/19 16:37:52 raft.go:584: Raft: 3 term:  7 | Leader receive a new command:4117 cmdIndex:  19
InfoRaft:2019/06/19 16:37:53 raft.go:584: Raft: 2 term:  5 | Leader receive a new command:1687 cmdIndex:  34
InfoRaft:2019/06/19 16:37:53 raft.go:584: Raft: 3 term:  7 | Leader receive a new command:5500 cmdIndex:  20
InfoRaft:2019/06/19 16:37:53 raft.go:584: Raft: 2 term:  5 | Leader receive a new command:9281 cmdIndex:  35
InfoRaft:2019/06/19 16:37:53 raft.go:584: Raft: 3 term:  7 | Leader receive a new command:6052 cmdIndex:  21
InfoRaft:2019/06/19 16:37:53 raft.go:584: Raft: 2 term:  5 | Leader receive a new command:2730 cmdIndex:  36
InfoRaft:2019/06/19 16:37:53 raft.go:584: Raft: 3 term:  7 | Leader receive a new command:3748 cmdIndex:  22
InfoRaft:2019/06/19 16:37:53 raft.go:584: Raft: 2 term:  5 | Leader receive a new command:9393 cmdIndex:  37
InfoRaft:2019/06/19 16:37:53 raft.go:584: Raft: 3 term:  7 | Leader receive a new command:4572 cmdIndex:  23
InfoRaft:2019/06/19 16:37:53 raft.go:584: Raft: 2 term:  5 | Leader receive a new command:2079 cmdIndex:  38
InfoRaft:2019/06/19 16:37:53 raft.go:584: Raft: 3 term:  7 | Leader receive a new command:3653 cmdIndex:  24
InfoRaft:2019/06/19 16:37:53 raft.go:584: Raft: 2 term:  5 | Leader receive a new command:5462 cmdIndex:  39
InfoRaft:2019/06/19 16:37:53 raft.go:584: Raft: 3 term:  7 | Leader receive a new command:3263 cmdIndex:  25
InfoRaft:2019/06/19 16:37:53 raft.go:584: Raft: 2 term:  5 | Leader receive a new command:4300 cmdIndex:  40
InfoRaft:2019/06/19 16:37:53 raft.go:584: Raft: 3 term:  7 | Leader receive a new command:7508 cmdIndex:  26
InfoRaft:2019/06/19 16:37:53 raft.go:584: Raft: 2 term:  5 | Leader receive a new command:3279 cmdIndex:  41
InfoRaft:2019/06/19 16:37:53 raft.go:584: Raft: 3 term:  7 | Leader receive a new command:9890 cmdIndex:  27
InfoRaft:2019/06/19 16:37:53 raft.go:584: Raft: 2 term:  5 | Leader receive a new command:908 cmdIndex:  42
InfoRaft:2019/06/19 16:37:53 raft.go:584: Raft: 3 term:  7 | Leader receive a new command:7727 cmdIndex:  28
InfoRaft:2019/06/19 16:37:53 raft.go:313: Raft: 0 term: 10 | receive leader:[  1] message but not match!
InfoRaft:2019/06/19 16:37:53 raft.go:314: Raft: 0 term: 10 | index:  17 | args: term   7 | cur: term:   2
InfoRaft:2019/06/19 16:37:53 raft.go:584: Raft: 1 term: 10 | Leader receive a new command:9004 cmdIndex:  18
InfoRaft:2019/06/19 16:37:53 raft.go:584: Raft: 2 term:  5 | Leader receive a new command:4166 cmdIndex:  43
InfoRaft:2019/06/19 16:37:53 raft.go:584: Raft: 3 term:  7 | Leader receive a new command:9982 cmdIndex:  29
InfoRaft:2019/06/19 16:37:53 raft.go:584: Raft: 1 term: 10 | Leader receive a new command:589 cmdIndex:  19
InfoRaft:2019/06/19 16:37:53 raft.go:584: Raft: 2 term:  5 | Leader receive a new command:7787 cmdIndex:  44
InfoRaft:2019/06/19 16:37:53 raft.go:584: Raft: 3 term:  7 | Leader receive a new command:1785 cmdIndex:  30
InfoRaft:2019/06/19 16:37:53 raft.go:340: Raft: 4 term: 10 | receive new command from leader:  1, term: 10, size:  1 curLogLen:  70 LeaderCommit:  17 rfCommit:  17
InfoRaft:2019/06/19 16:37:53 raft.go:584: Raft: 1 term: 10 | Leader receive a new command:5617 cmdIndex:  20
InfoRaft:2019/06/19 16:37:53 raft.go:584: Raft: 2 term:  5 | Leader receive a new command:8923 cmdIndex:  45
InfoRaft:2019/06/19 16:37:53 raft.go:584: Raft: 3 term:  7 | Leader receive a new command:8672 cmdIndex:  31
InfoRaft:2019/06/19 16:37:53 raft.go:584: Raft: 1 term: 10 | Leader receive a new command:9114 cmdIndex:  21
InfoRaft:2019/06/19 16:37:53 raft.go:584: Raft: 2 term:  5 | Leader receive a new command:965 cmdIndex:  46
InfoRaft:2019/06/19 16:37:53 raft.go:584: Raft: 3 term:  7 | Leader receive a new command:6613 cmdIndex:  32
InfoRaft:2019/06/19 16:37:53 raft.go:584: Raft: 1 term: 10 | Leader receive a new command:6069 cmdIndex:  22
InfoRaft:2019/06/19 16:37:53 raft.go:584: Raft: 2 term:  5 | Leader receive a new command:7595 cmdIndex:  47
InfoRaft:2019/06/19 16:37:53 raft.go:584: Raft: 3 term:  7 | Leader receive a new command:6882 cmdIndex:  33
InfoRaft:2019/06/19 16:37:53 raft.go:313: Raft: 0 term: 10 | receive leader:[  1] message but not match!
InfoRaft:2019/06/19 16:37:53 raft.go:314: Raft: 0 term: 10 | index:  17 | args: term   7 | cur: term:   2
InfoRaft:2019/06/19 16:37:53 raft.go:584: Raft: 1 term: 10 | Leader receive a new command:8775 cmdIndex:  23
InfoRaft:2019/06/19 16:37:53 raft.go:584: Raft: 2 term:  5 | Leader receive a new command:9038 cmdIndex:  48
InfoRaft:2019/06/19 16:37:53 raft.go:584: Raft: 3 term:  7 | Leader receive a new command:5102 cmdIndex:  34
InfoRaft:2019/06/19 16:37:53 raft.go:584: Raft: 1 term: 10 | Leader receive a new command:979 cmdIndex:  24
InfoRaft:2019/06/19 16:37:53 raft.go:584: Raft: 2 term:  5 | Leader receive a new command:4092 cmdIndex:  49
InfoRaft:2019/06/19 16:37:53 raft.go:584: Raft: 3 term:  7 | Leader receive a new command:1479 cmdIndex:  35
InfoRaft:2019/06/19 16:37:53 raft.go:584: Raft: 1 term: 10 | Leader receive a new command:1116 cmdIndex:  25
InfoRaft:2019/06/19 16:37:53 raft.go:584: Raft: 2 term:  5 | Leader receive a new command:7498 cmdIndex:  50
InfoRaft:2019/06/19 16:37:53 raft.go:584: Raft: 3 term:  7 | Leader receive a new command:4204 cmdIndex:  36
InfoRaft:2019/06/19 16:37:53 raft.go:584: Raft: 1 term: 10 | Leader receive a new command:5432 cmdIndex:  26
InfoRaft:2019/06/19 16:37:53 raft.go:584: Raft: 2 term:  5 | Leader receive a new command:489 cmdIndex:  51
InfoRaft:2019/06/19 16:37:53 raft.go:584: Raft: 3 term:  7 | Leader receive a new command:9312 cmdIndex:  37
InfoRaft:2019/06/19 16:37:53 raft.go:584: Raft: 1 term: 10 | Leader receive a new command:8473 cmdIndex:  27
InfoRaft:2019/06/19 16:37:53 raft.go:584: Raft: 2 term:  5 | Leader receive a new command:8622 cmdIndex:  52
InfoRaft:2019/06/19 16:37:53 raft.go:584: Raft: 3 term:  7 | Leader receive a new command:8895 cmdIndex:  38
InfoRaft:2019/06/19 16:37:53 raft.go:584: Raft: 1 term: 10 | Leader receive a new command:5764 cmdIndex:  28
InfoRaft:2019/06/19 16:37:53 raft.go:584: Raft: 2 term:  5 | Leader receive a new command:4844 cmdIndex:  53
InfoRaft:2019/06/19 16:37:53 raft.go:584: Raft: 3 term:  7 | Leader receive a new command:5390 cmdIndex:  39
InfoRaft:2019/06/19 16:37:53 raft.go:584: Raft: 1 term: 10 | Leader receive a new command:2102 cmdIndex:  29
InfoRaft:2019/06/19 16:37:53 raft.go:584: Raft: 2 term:  5 | Leader receive a new command:6466 cmdIndex:  54
InfoRaft:2019/06/19 16:37:53 raft.go:584: Raft: 3 term:  7 | Leader receive a new command:7726 cmdIndex:  40
InfoRaft:2019/06/19 16:37:53 raft.go:584: Raft: 1 term: 10 | Leader receive a new command:7749 cmdIndex:  30
InfoRaft:2019/06/19 16:37:53 raft.go:584: Raft: 2 term:  5 | Leader receive a new command:9165 cmdIndex:  55
InfoRaft:2019/06/19 16:37:53 raft.go:584: Raft: 3 term:  7 | Leader receive a new command:1104 cmdIndex:  41
InfoRaft:2019/06/19 16:37:53 raft.go:584: Raft: 1 term: 10 | Leader receive a new command:9142 cmdIndex:  31
InfoRaft:2019/06/19 16:37:53 raft.go:584: Raft: 2 term:  5 | Leader receive a new command:6210 cmdIndex:  56
InfoRaft:2019/06/19 16:37:53 raft.go:584: Raft: 3 term:  7 | Leader receive a new command:8769 cmdIndex:  42
InfoRaft:2019/06/19 16:37:53 raft.go:584: Raft: 1 term: 10 | Leader receive a new command:2077 cmdIndex:  32
InfoRaft:2019/06/19 16:37:53 raft.go:584: Raft: 2 term:  5 | Leader receive a new command:3386 cmdIndex:  57
InfoRaft:2019/06/19 16:37:53 raft.go:584: Raft: 3 term:  7 | Leader receive a new command:2849 cmdIndex:  43
InfoRaft:2019/06/19 16:37:53 raft.go:830: Raft: 2 term: 10 | leader done! become follower
InfoRaft:2019/06/19 16:37:53 raft.go:584: Raft: 1 term: 10 | Leader receive a new command:6470 cmdIndex:  33
InfoRaft:2019/06/19 16:37:53 raft.go:584: Raft: 3 term:  7 | Leader receive a new command:4965 cmdIndex:  44
InfoRaft:2019/06/19 16:37:53 raft.go:830: Raft: 2 term: 10 | leader done! become follower
InfoRaft:2019/06/19 16:37:53 raft.go:584: Raft: 1 term: 10 | Leader receive a new command:4505 cmdIndex:  34
InfoRaft:2019/06/19 16:37:53 raft.go:584: Raft: 3 term:  7 | Leader receive a new command:3603 cmdIndex:  45
InfoRaft:2019/06/19 16:37:53 raft.go:584: Raft: 1 term: 10 | Leader receive a new command:3161 cmdIndex:  35
InfoRaft:2019/06/19 16:37:53 raft.go:584: Raft: 3 term:  7 | Leader receive a new command:6754 cmdIndex:  46
InfoRaft:2019/06/19 16:37:53 raft.go:584: Raft: 1 term: 10 | Leader receive a new command:4100 cmdIndex:  36
InfoRaft:2019/06/19 16:37:53 raft.go:584: Raft: 3 term:  7 | Leader receive a new command:9224 cmdIndex:  47
InfoRaft:2019/06/19 16:37:53 raft.go:584: Raft: 1 term: 10 | Leader receive a new command:1080 cmdIndex:  37
InfoRaft:2019/06/19 16:37:53 raft.go:584: Raft: 3 term:  7 | Leader receive a new command:7371 cmdIndex:  48
InfoRaft:2019/06/19 16:37:53 raft.go:584: Raft: 1 term: 10 | Leader receive a new command:9670 cmdIndex:  38
InfoRaft:2019/06/19 16:37:53 raft.go:584: Raft: 3 term:  7 | Leader receive a new command:438 cmdIndex:  49
InfoRaft:2019/06/19 16:37:53 raft.go:584: Raft: 1 term: 10 | Leader receive a new command:6053 cmdIndex:  39
InfoRaft:2019/06/19 16:37:53 raft.go:584: Raft: 3 term:  7 | Leader receive a new command:8086 cmdIndex:  50
InfoRaft:2019/06/19 16:37:54 raft.go:584: Raft: 1 term: 10 | Leader receive a new command:1133 cmdIndex:  40
InfoRaft:2019/06/19 16:37:54 raft.go:584: Raft: 3 term:  7 | Leader receive a new command:2347 cmdIndex:  51
InfoRaft:2019/06/19 16:37:54 raft.go:584: Raft: 1 term: 10 | Leader receive a new command:8441 cmdIndex:  41
InfoRaft:2019/06/19 16:37:54 raft.go:584: Raft: 3 term:  7 | Leader receive a new command:8213 cmdIndex:  52
InfoRaft:2019/06/19 16:37:54 raft.go:584: Raft: 1 term: 10 | Leader receive a new command:1577 cmdIndex:  42
InfoRaft:2019/06/19 16:37:54 raft.go:584: Raft: 3 term:  7 | Leader receive a new command:4227 cmdIndex:  53
InfoRaft:2019/06/19 16:37:54 raft.go:584: Raft: 1 term: 10 | Leader receive a new command:2578 cmdIndex:  43
InfoRaft:2019/06/19 16:37:54 raft.go:584: Raft: 3 term:  7 | Leader receive a new command:9285 cmdIndex:  54
InfoRaft:2019/06/19 16:37:54 raft.go:584: Raft: 1 term: 10 | Leader receive a new command:786 cmdIndex:  44
InfoRaft:2019/06/19 16:37:54 raft.go:584: Raft: 3 term:  7 | Leader receive a new command:5531 cmdIndex:  55
InfoRaft:2019/06/19 16:37:54 raft.go:584: Raft: 1 term: 10 | Leader receive a new command:5078 cmdIndex:  45
InfoRaft:2019/06/19 16:37:54 raft.go:584: Raft: 3 term:  7 | Leader receive a new command:8365 cmdIndex:  56
InfoRaft:2019/06/19 16:37:54 raft.go:584: Raft: 1 term: 10 | Leader receive a new command:6845 cmdIndex:  46
InfoRaft:2019/06/19 16:37:54 raft.go:584: Raft: 3 term:  7 | Leader receive a new command:8952 cmdIndex:  57
InfoRaft:2019/06/19 16:37:54 raft.go:584: Raft: 1 term: 10 | Leader receive a new command:5551 cmdIndex:  47
InfoRaft:2019/06/19 16:37:54 raft.go:584: Raft: 3 term:  7 | Leader receive a new command:2913 cmdIndex:  58
InfoRaft:2019/06/19 16:37:54 raft.go:584: Raft: 1 term: 10 | Leader receive a new command:2095 cmdIndex:  48
InfoRaft:2019/06/19 16:37:54 raft.go:584: Raft: 3 term:  7 | Leader receive a new command:2875 cmdIndex:  59
InfoRaft:2019/06/19 16:37:54 raft.go:313: Raft: 4 term: 13 | receive leader:[  2] message but not match!
InfoRaft:2019/06/19 16:37:54 raft.go:314: Raft: 4 term: 13 | index:  57 | args: term   5 | cur: term:   0
InfoRaft:2019/06/19 16:37:54 raft.go:584: Raft: 1 term: 10 | Leader receive a new command:1818 cmdIndex:  49
InfoRaft:2019/06/19 16:37:54 raft.go:584: Raft: 2 term: 13 | Leader receive a new command:7978 cmdIndex:  58
InfoRaft:2019/06/19 16:37:54 raft.go:584: Raft: 3 term:  7 | Leader receive a new command:6170 cmdIndex:  60
InfoRaft:2019/06/19 16:37:54 raft.go:584: Raft: 1 term: 10 | Leader receive a new command:706 cmdIndex:  50
InfoRaft:2019/06/19 16:37:54 raft.go:584: Raft: 2 term: 13 | Leader receive a new command:4472 cmdIndex:  59
InfoRaft:2019/06/19 16:37:54 raft.go:584: Raft: 3 term:  7 | Leader receive a new command:3662 cmdIndex:  61
InfoRaft:2019/06/19 16:37:54 raft.go:584: Raft: 1 term: 10 | Leader receive a new command:29 cmdIndex:  51
InfoRaft:2019/06/19 16:37:54 raft.go:584: Raft: 2 term: 13 | Leader receive a new command:7690 cmdIndex:  60
InfoRaft:2019/06/19 16:37:54 raft.go:584: Raft: 3 term:  7 | Leader receive a new command:8954 cmdIndex:  62
InfoRaft:2019/06/19 16:37:54 raft.go:584: Raft: 1 term: 10 | Leader receive a new command:1525 cmdIndex:  52
InfoRaft:2019/06/19 16:37:54 raft.go:584: Raft: 2 term: 13 | Leader receive a new command:739 cmdIndex:  61
InfoRaft:2019/06/19 16:37:54 raft.go:584: Raft: 3 term:  7 | Leader receive a new command:7577 cmdIndex:  63
InfoRaft:2019/06/19 16:37:54 raft.go:584: Raft: 1 term: 10 | Leader receive a new command:9655 cmdIndex:  53
InfoRaft:2019/06/19 16:37:54 raft.go:584: Raft: 2 term: 13 | Leader receive a new command:1868 cmdIndex:  62
InfoRaft:2019/06/19 16:37:54 raft.go:584: Raft: 3 term:  7 | Leader receive a new command:320 cmdIndex:  64
InfoRaft:2019/06/19 16:37:54 raft.go:584: Raft: 1 term: 10 | Leader receive a new command:8897 cmdIndex:  54
InfoRaft:2019/06/19 16:37:54 raft.go:584: Raft: 2 term: 13 | Leader receive a new command:2928 cmdIndex:  63
InfoRaft:2019/06/19 16:37:54 raft.go:584: Raft: 3 term:  7 | Leader receive a new command:9012 cmdIndex:  65
InfoRaft:2019/06/19 16:37:54 raft.go:584: Raft: 1 term: 10 | Leader receive a new command:6429 cmdIndex:  55
InfoRaft:2019/06/19 16:37:54 raft.go:584: Raft: 2 term: 13 | Leader receive a new command:1966 cmdIndex:  64
InfoRaft:2019/06/19 16:37:54 raft.go:584: Raft: 3 term:  7 | Leader receive a new command:7069 cmdIndex:  66
InfoRaft:2019/06/19 16:37:54 raft.go:584: Raft: 1 term: 10 | Leader receive a new command:5830 cmdIndex:  56
InfoRaft:2019/06/19 16:37:54 raft.go:584: Raft: 2 term: 13 | Leader receive a new command:2669 cmdIndex:  65
InfoRaft:2019/06/19 16:37:54 raft.go:584: Raft: 3 term:  7 | Leader receive a new command:1663 cmdIndex:  67
InfoRaft:2019/06/19 16:37:54 raft.go:584: Raft: 1 term: 10 | Leader receive a new command:2700 cmdIndex:  57
InfoRaft:2019/06/19 16:37:54 raft.go:584: Raft: 2 term: 13 | Leader receive a new command:6565 cmdIndex:  66
InfoRaft:2019/06/19 16:37:54 raft.go:584: Raft: 3 term:  7 | Leader receive a new command:9892 cmdIndex:  68
InfoRaft:2019/06/19 16:37:54 raft.go:584: Raft: 1 term: 10 | Leader receive a new command:4076 cmdIndex:  58
InfoRaft:2019/06/19 16:37:54 raft.go:584: Raft: 2 term: 13 | Leader receive a new command:1766 cmdIndex:  67
InfoRaft:2019/06/19 16:37:54 raft.go:584: Raft: 3 term:  7 | Leader receive a new command:3603 cmdIndex:  69
InfoRaft:2019/06/19 16:37:54 raft.go:290: Raft: 0 term: 13 | receive leader:[  2] message but lost any message! curLen:  55 prevLoglen:  57 len(Entries):  10
InfoRaft:2019/06/19 16:37:54 raft.go:584: Raft: 1 term: 10 | Leader receive a new command:9814 cmdIndex:  59
InfoRaft:2019/06/19 16:37:54 raft.go:584: Raft: 2 term: 13 | Leader receive a new command:5891 cmdIndex:  68
InfoRaft:2019/06/19 16:37:54 raft.go:584: Raft: 3 term:  7 | Leader receive a new command:2388 cmdIndex:  70
InfoRaft:2019/06/19 16:37:54 raft.go:584: Raft: 1 term: 10 | Leader receive a new command:7435 cmdIndex:  60
InfoRaft:2019/06/19 16:37:54 raft.go:584: Raft: 2 term: 13 | Leader receive a new command:1212 cmdIndex:  69
InfoRaft:2019/06/19 16:37:54 raft.go:584: Raft: 3 term:  7 | Leader receive a new command:4754 cmdIndex:  71
InfoRaft:2019/06/19 16:37:54 raft.go:584: Raft: 1 term: 10 | Leader receive a new command:6091 cmdIndex:  61
InfoRaft:2019/06/19 16:37:54 raft.go:313: Raft: 4 term: 13 | receive leader:[  2] message but not match!
InfoRaft:2019/06/19 16:37:54 raft.go:314: Raft: 4 term: 13 | index:  57 | args: term   5 | cur: term:   0
InfoRaft:2019/06/19 16:37:54 raft.go:584: Raft: 2 term: 13 | Leader receive a new command:739 cmdIndex:  70
InfoRaft:2019/06/19 16:37:54 raft.go:584: Raft: 3 term:  7 | Leader receive a new command:2696 cmdIndex:  72
InfoRaft:2019/06/19 16:37:54 raft.go:924: Raft: 2 term: 13 | Msg to   4 fail,decrease nextIndex to:  2
InfoRaft:2019/06/19 16:37:54 raft.go:584: Raft: 1 term: 10 | Leader receive a new command:7406 cmdIndex:  62
InfoRaft:2019/06/19 16:37:54 raft.go:584: Raft: 2 term: 13 | Leader receive a new command:3283 cmdIndex:  71
InfoRaft:2019/06/19 16:37:54 raft.go:584: Raft: 3 term:  7 | Leader receive a new command:7026 cmdIndex:  73
InfoRaft:2019/06/19 16:37:54 raft.go:340: Raft: 4 term: 13 | receive new command from leader:  2, term: 13, size: 69 curLogLen:  70 LeaderCommit:   0 rfCommit:  17
InfoRaft:2019/06/19 16:37:54 raft.go:290: Raft: 0 term: 13 | receive leader:[  2] message but lost any message! curLen:  55 prevLoglen:  57 len(Entries):  14
InfoRaft:2019/06/19 16:37:54 raft.go:924: Raft: 2 term: 13 | Msg to   0 fail,decrease nextIndex to: 56
InfoRaft:2019/06/19 16:37:54 raft.go:340: Raft: 4 term: 13 | receive new command from leader:  2, term: 13, size:  1 curLogLen:  71 LeaderCommit:   0 rfCommit:  17
InfoRaft:2019/06/19 16:37:54 raft.go:313: Raft: 0 term: 13 | receive leader:[  2] message but not match!
InfoRaft:2019/06/19 16:37:54 raft.go:314: Raft: 0 term: 13 | index:  55 | args: term   5 | cur: term:   2
InfoRaft:2019/06/19 16:37:54 raft.go:924: Raft: 2 term: 13 | Msg to   0 fail,decrease nextIndex to:  1
InfoRaft:2019/06/19 16:37:54 raft.go:340: Raft: 0 term: 13 | receive new command from leader:  2, term: 13, size: 71 curLogLen:  71 LeaderCommit:   0 rfCommit:   0
InfoRaft:2019/06/19 16:37:55 raft.go:584: Raft: 1 term: 10 | Leader receive a new command:1768 cmdIndex:  63
InfoRaft:2019/06/19 16:37:55 raft.go:584: Raft: 2 term: 13 | Leader receive a new command:9740 cmdIndex:  72
InfoRaft:2019/06/19 16:37:55 raft.go:584: Raft: 3 term:  7 | Leader receive a new command:4074 cmdIndex:  74
InfoRaft:2019/06/19 16:37:55 raft.go:584: Raft: 1 term: 10 | Leader receive a new command:3570 cmdIndex:  64
InfoRaft:2019/06/19 16:37:55 raft.go:584: Raft: 2 term: 13 | Leader receive a new command:8501 cmdIndex:  73
InfoRaft:2019/06/19 16:37:55 raft.go:584: Raft: 3 term:  7 | Leader receive a new command:8621 cmdIndex:  75
InfoRaft:2019/06/19 16:37:55 raft.go:584: Raft: 1 term: 10 | Leader receive a new command:4032 cmdIndex:  65
InfoRaft:2019/06/19 16:37:55 raft.go:584: Raft: 2 term: 13 | Leader receive a new command:2736 cmdIndex:  74
InfoRaft:2019/06/19 16:37:55 raft.go:584: Raft: 3 term:  7 | Leader receive a new command:9817 cmdIndex:  76
InfoRaft:2019/06/19 16:37:55 raft.go:584: Raft: 1 term: 10 | Leader receive a new command:2106 cmdIndex:  66
InfoRaft:2019/06/19 16:37:55 raft.go:584: Raft: 2 term: 13 | Leader receive a new command:4902 cmdIndex:  75
InfoRaft:2019/06/19 16:37:55 raft.go:584: Raft: 3 term:  7 | Leader receive a new command:5085 cmdIndex:  77
InfoRaft:2019/06/19 16:37:55 raft.go:584: Raft: 1 term: 10 | Leader receive a new command:923 cmdIndex:  67
InfoRaft:2019/06/19 16:37:55 raft.go:584: Raft: 2 term: 13 | Leader receive a new command:9330 cmdIndex:  76
InfoRaft:2019/06/19 16:37:55 raft.go:584: Raft: 3 term:  7 | Leader receive a new command:5075 cmdIndex:  78
InfoRaft:2019/06/19 16:37:55 raft.go:584: Raft: 1 term: 10 | Leader receive a new command:4948 cmdIndex:  68
InfoRaft:2019/06/19 16:37:55 raft.go:584: Raft: 2 term: 13 | Leader receive a new command:1965 cmdIndex:  77
InfoRaft:2019/06/19 16:37:55 raft.go:584: Raft: 3 term:  7 | Leader receive a new command:473 cmdIndex:  79
InfoRaft:2019/06/19 16:37:55 raft.go:584: Raft: 1 term: 10 | Leader receive a new command:7793 cmdIndex:  69
InfoRaft:2019/06/19 16:37:55 raft.go:584: Raft: 2 term: 13 | Leader receive a new command:790 cmdIndex:  78
InfoRaft:2019/06/19 16:37:55 raft.go:584: Raft: 3 term:  7 | Leader receive a new command:1657 cmdIndex:  80
InfoRaft:2019/06/19 16:37:55 raft.go:584: Raft: 1 term: 10 | Leader receive a new command:1676 cmdIndex:  70
InfoRaft:2019/06/19 16:37:55 raft.go:584: Raft: 2 term: 13 | Leader receive a new command:9255 cmdIndex:  79
InfoRaft:2019/06/19 16:37:55 raft.go:584: Raft: 3 term:  7 | Leader receive a new command:4151 cmdIndex:  81
InfoRaft:2019/06/19 16:37:55 raft.go:584: Raft: 1 term: 10 | Leader receive a new command:5051 cmdIndex:  71
InfoRaft:2019/06/19 16:37:55 raft.go:584: Raft: 2 term: 13 | Leader receive a new command:3379 cmdIndex:  80
InfoRaft:2019/06/19 16:37:55 raft.go:584: Raft: 3 term:  7 | Leader receive a new command:9306 cmdIndex:  82
InfoRaft:2019/06/19 16:37:55 raft.go:584: Raft: 1 term: 10 | Leader receive a new command:3407 cmdIndex:  72
InfoRaft:2019/06/19 16:37:55 raft.go:584: Raft: 2 term: 13 | Leader receive a new command:7819 cmdIndex:  81
InfoRaft:2019/06/19 16:37:55 raft.go:584: Raft: 3 term:  7 | Leader receive a new command:4796 cmdIndex:  83
InfoRaft:2019/06/19 16:37:55 raft.go:584: Raft: 1 term: 10 | Leader receive a new command:3404 cmdIndex:  73
InfoRaft:2019/06/19 16:37:55 raft.go:584: Raft: 2 term: 13 | Leader receive a new command:3554 cmdIndex:  82
InfoRaft:2019/06/19 16:37:55 raft.go:584: Raft: 3 term:  7 | Leader receive a new command:5138 cmdIndex:  84
InfoRaft:2019/06/19 16:37:55 raft.go:584: Raft: 1 term: 10 | Leader receive a new command:4724 cmdIndex:  74
InfoRaft:2019/06/19 16:37:55 raft.go:584: Raft: 2 term: 13 | Leader receive a new command:6915 cmdIndex:  83
InfoRaft:2019/06/19 16:37:55 raft.go:584: Raft: 3 term:  7 | Leader receive a new command:9274 cmdIndex:  85
InfoRaft:2019/06/19 16:37:55 raft.go:584: Raft: 1 term: 10 | Leader receive a new command:568 cmdIndex:  75
InfoRaft:2019/06/19 16:37:55 raft.go:584: Raft: 2 term: 13 | Leader receive a new command:4884 cmdIndex:  84
InfoRaft:2019/06/19 16:37:55 raft.go:584: Raft: 3 term:  7 | Leader receive a new command:7945 cmdIndex:  86
InfoRaft:2019/06/19 16:37:55 raft.go:340: Raft: 0 term: 13 | receive new command from leader:  2, term: 13, size: 13 curLogLen:  84 LeaderCommit:   0 rfCommit:   0
InfoRaft:2019/06/19 16:37:55 raft.go:584: Raft: 1 term: 10 | Leader receive a new command:9840 cmdIndex:  76
InfoRaft:2019/06/19 16:37:55 raft.go:584: Raft: 2 term: 13 | Leader receive a new command:4793 cmdIndex:  85
InfoRaft:2019/06/19 16:37:55 raft.go:584: Raft: 3 term:  7 | Leader receive a new command:4035 cmdIndex:  87
InfoRaft:2019/06/19 16:37:55 raft.go:584: Raft: 1 term: 10 | Leader receive a new command:1355 cmdIndex:  77
InfoRaft:2019/06/19 16:37:55 raft.go:584: Raft: 2 term: 13 | Leader receive a new command:2834 cmdIndex:  86
InfoRaft:2019/06/19 16:37:55 raft.go:584: Raft: 3 term:  7 | Leader receive a new command:3278 cmdIndex:  88
InfoRaft:2019/06/19 16:37:55 raft.go:584: Raft: 1 term: 10 | Leader receive a new command:5671 cmdIndex:  78
InfoRaft:2019/06/19 16:37:55 raft.go:584: Raft: 2 term: 13 | Leader receive a new command:4777 cmdIndex:  87
InfoRaft:2019/06/19 16:37:55 raft.go:584: Raft: 3 term:  7 | Leader receive a new command:5915 cmdIndex:  89
InfoRaft:2019/06/19 16:37:55 raft.go:584: Raft: 1 term: 10 | Leader receive a new command:1521 cmdIndex:  79
InfoRaft:2019/06/19 16:37:55 raft.go:584: Raft: 2 term: 13 | Leader receive a new command:1829 cmdIndex:  88
InfoRaft:2019/06/19 16:37:55 raft.go:584: Raft: 3 term:  7 | Leader receive a new command:8231 cmdIndex:  90
InfoRaft:2019/06/19 16:37:55 raft.go:584: Raft: 1 term: 10 | Leader receive a new command:9596 cmdIndex:  80
InfoRaft:2019/06/19 16:37:55 raft.go:584: Raft: 2 term: 13 | Leader receive a new command:3866 cmdIndex:  89
InfoRaft:2019/06/19 16:37:55 raft.go:584: Raft: 3 term:  7 | Leader receive a new command:2872 cmdIndex:  91
InfoRaft:2019/06/19 16:37:55 raft.go:584: Raft: 1 term: 10 | Leader receive a new command:1340 cmdIndex:  81
InfoRaft:2019/06/19 16:37:55 raft.go:584: Raft: 2 term: 13 | Leader receive a new command:3040 cmdIndex:  90
InfoRaft:2019/06/19 16:37:55 raft.go:584: Raft: 3 term:  7 | Leader receive a new command:5701 cmdIndex:  92
InfoRaft:2019/06/19 16:37:55 raft.go:584: Raft: 1 term: 10 | Leader receive a new command:470 cmdIndex:  82
InfoRaft:2019/06/19 16:37:55 raft.go:584: Raft: 2 term: 13 | Leader receive a new command:7856 cmdIndex:  91
InfoRaft:2019/06/19 16:37:55 raft.go:584: Raft: 3 term:  7 | Leader receive a new command:3462 cmdIndex:  93
InfoRaft:2019/06/19 16:37:55 raft.go:584: Raft: 1 term: 10 | Leader receive a new command:1555 cmdIndex:  83
InfoRaft:2019/06/19 16:37:55 raft.go:584: Raft: 2 term: 13 | Leader receive a new command:7995 cmdIndex:  92
InfoRaft:2019/06/19 16:37:55 raft.go:584: Raft: 3 term:  7 | Leader receive a new command:308 cmdIndex:  94
InfoRaft:2019/06/19 16:37:55 raft.go:584: Raft: 1 term: 10 | Leader receive a new command:1790 cmdIndex:  84
InfoRaft:2019/06/19 16:37:55 raft.go:584: Raft: 2 term: 13 | Leader receive a new command:7868 cmdIndex:  93
InfoRaft:2019/06/19 16:37:55 raft.go:584: Raft: 3 term:  7 | Leader receive a new command:2607 cmdIndex:  95
InfoRaft:2019/06/19 16:37:55 raft.go:584: Raft: 1 term: 10 | Leader receive a new command:2225 cmdIndex:  85
InfoRaft:2019/06/19 16:37:55 raft.go:584: Raft: 2 term: 13 | Leader receive a new command:2234 cmdIndex:  94
InfoRaft:2019/06/19 16:37:55 raft.go:584: Raft: 3 term:  7 | Leader receive a new command:3490 cmdIndex:  96
InfoRaft:2019/06/19 16:37:55 raft.go:584: Raft: 1 term: 10 | Leader receive a new command:470 cmdIndex:  86
InfoRaft:2019/06/19 16:37:55 raft.go:584: Raft: 2 term: 13 | Leader receive a new command:1132 cmdIndex:  95
InfoRaft:2019/06/19 16:37:55 raft.go:584: Raft: 3 term:  7 | Leader receive a new command:7538 cmdIndex:  97
InfoRaft:2019/06/19 16:37:55 raft.go:340: Raft: 4 term: 13 | receive new command from leader:  2, term: 13, size: 24 curLogLen:  95 LeaderCommit:   0 rfCommit:  17
InfoRaft:2019/06/19 16:37:55 raft.go:340: Raft: 0 term: 13 | receive new command from leader:  2, term: 13, size: 11 curLogLen:  95 LeaderCommit:   0 rfCommit:   0
InfoRaft:2019/06/19 16:37:55 raft.go:507: Raft: 2 term: 13 |       Leader commit! CommitIndex:  1 total: 95
InfoRaft:2019/06/19 16:37:55 util.go:48: me: 2 | Apply new command:7978   commandIndex:  1
InfoRaft:2019/06/19 16:37:55 util.go:48: me: 2 | Apply new command:2853   commandIndex:  2
InfoRaft:2019/06/19 16:37:55 raft.go:507: Raft: 2 term: 13 |       Leader commit! CommitIndex:  2 total: 95
InfoRaft:2019/06/19 16:37:55 raft.go:507: Raft: 2 term: 13 |       Leader commit! CommitIndex:  3 total: 95
InfoRaft:2019/06/19 16:37:55 util.go:48: me: 2 | Apply new command:4109   commandIndex:  3
